23:52:57 - 来自: main.py:1745 - <module>                        | 调用函数            | __main__.__init__                        | 参数: {'self': '<__main__.MaYun object at 0x000001DFE404FF70>'}
23:52:57 -     来自: main.py:1559 - __init__                        | 调用函数            | __main__.__init__                        | 参数: {'self': '<__main__.Worker object at 0x000001DFE5A32550>'}
23:52:57 -     来自: main.py:1559 - __init__                        | 函数返回            | __main__.__init__                        | 返回值: None
23:52:57 -     来自: main.py:1560 - __init__                        | 调用函数            | __main__.init_info                       | 参数: {'self': '<__main__.MaYun object at 0x000001DFE404FF70>'}
23:52:57 -     来自: main.py:1560 - __init__                        | 函数返回            | __main__.init_info                       | 返回值: None
23:52:57 - 来自: main.py:1745 - <module>                        | 函数返回            | __main__.__init__                        | 返回值: None
23:53:01 - 来自: main.py:1747 - <module>                        | 调用函数            | __main__.auto_game                       | 参数: {'self': '<__main__.MaYun object at 0x000001DFE404FF70>', 'result': 'False'}
23:53:01 - 来自: 未知调用者                                          | 调用函数            | __main__.run                             | 参数: {'self': '<__main__.Worker object at 0x000001DFE5A32550>'}
23:53:01 -     来自: main.py:259 - run                              | 调用函数            | __main__.init_datas                      | 参数: {'self': '<__main__.Worker object at 0x000001DFE5A32550>'}
23:53:01 - 来自: main.py:1747 - <module>                        | 函数返回            | __main__.auto_game                       | 返回值: None
23:53:01 - 来自: main.py:1747 - <module>                        | 调用函数            | __main__.init_interface                  | 参数: {'self': '<__main__.MaYun object at 0x000001DFE404FF70>', 'result': '1'}
23:53:01 -     来自: main.py:1661 - init_interface                  | 调用函数            | __main__.recorder2zero                   | 参数: {'self': '<__main__.MaYun object at 0x000001DFE404FF70>'}
23:53:01 -     来自: main.py:1661 - init_interface                  | 函数返回            | __main__.recorder2zero                   | 返回值: None
23:53:01 - 来自: main.py:1747 - <module>                        | 函数返回            | __main__.init_interface                  | 返回值: None
23:53:01 - 来自: main.py:1747 - <module>                        | 调用函数            | __main__.write_threshold                 | 参数: {'self': '<__main__.MaYun object at 0x000001DFE404FF70>', 'result': '1'}
23:53:01 - 来自: main.py:1747 - <module>                        | 函数返回            | __main__.write_threshold                 | 返回值: None
23:53:01 -     来自: main.py:259 - run                              | 函数异常            | __main__.init_datas                      | 异常类型: KeyError | 异常信息: 'state' | 堆栈跟踪: Traceback (most recent call last):
  File "c:\Users\User\Desktop\douzero项目汇总\测试用\5.8源码cursor版\log_utils.py", line 128, in wrapper
    result = func(*args, **kwargs)
  File "c:/Users/User/Desktop/douzero项目汇总/测试用/5.8源码cursor版/main.py", line 308, in init_datas
    self.statement = data["state"]
KeyError: 'state'

23:53:01 -     来自: main.py:285 - run                              | 调用函数            | __main__.before_start                    | 参数: {'self': '<__main__.Worker object at 0x000001DFE5A32550>'}
23:53:01 -         来自: main.py:706 - before_start                     | 调用函数            | __main__.find_my_cards                   | 参数: {'self': '<__main__.Worker object at 0x000001DFE5A32550>'}
23:53:01 -         来自: main.py:706 - before_start                     | 函数返回            | __main__.find_my_cards                   | 返回值: 
23:53:02 -         来自: main.py:659 - detect_start_btn                 | 调用函数            | __main__.find_pic                        | 参数: {'path': 'continue', 'pos': '(545, 503, 170, 60)', 'click': 'True'}
23:53:03 -         来自: main.py:659 - detect_start_btn                 | 函数返回            | __main__.find_pic                        | 返回值: (563, 513)
23:53:04 -         来自: main.py:662 - detect_start_btn                 | 调用函数            | __main__.find_pic                        | 参数: {'path': 'reward', 'pos': '(521, 506, 199, 76)', 'click': 'True'}
23:53:04 -         来自: main.py:662 - detect_start_btn                 | 函数返回            | __main__.find_pic                        | 返回值: None
23:53:04 -         来自: main.py:665 - detect_start_btn                 | 调用函数            | __main__.find_pic                        | 参数: {'path': 'start_game', 'pos': '(201, 260, 840, 74)', 'click': 'True'}
23:53:04 -         来自: main.py:665 - detect_start_btn                 | 函数返回            | __main__.find_pic                        | 返回值: None
23:53:04 -         来自: main.py:668 - detect_start_btn                 | 调用函数            | __main__.find_pic                        | 参数: {'path': 'tuoguan', 'pos': '(485, 620, 269, 92)', 'click': 'True'}
23:53:04 -         来自: main.py:668 - detect_start_btn                 | 函数返回            | __main__.find_pic                        | 返回值: None
23:53:04 -         来自: main.py:671 - detect_start_btn                 | 调用函数            | __main__.find_pic                        | 参数: {'path': 'sure', 'pos': '(560, 405, 256, 127)', 'click': 'True'}
23:53:04 -         来自: main.py:671 - detect_start_btn                 | 函数返回            | __main__.find_pic                        | 返回值: None
23:53:04 -         来自: main.py:674 - detect_start_btn                 | 调用函数            | __main__.find_pic                        | 参数: {'path': 'tuijian', 'pos': '(648, 413, 194, 88)', 'click': 'True'}
23:53:04 -         来自: main.py:674 - detect_start_btn                 | 函数返回            | __main__.find_pic                        | 返回值: None
23:53:04 -         来自: main.py:677 - detect_start_btn                 | 调用函数            | __main__.find_pic                        | 参数: {'path': 'good', 'pos': '(385, 532, 194, 78)', 'click': 'True'}
23:53:04 -         来自: main.py:677 - detect_start_btn                 | 函数返回            | __main__.find_pic                        | 返回值: None
23:53:04 -         来自: main.py:680 - detect_start_btn                 | 调用函数            | __main__.find_pic                        | 参数: {'path': 'zhidao', 'pos': '(527, 482, 199, 83)', 'click': 'True'}
23:53:04 -         来自: main.py:680 - detect_start_btn                 | 函数返回            | __main__.find_pic                        | 返回值: None
23:53:04 -         来自: main.py:683 - detect_start_btn                 | 调用函数            | __main__.find_pic                        | 参数: {'path': 'chacha', 'pos': '(920, 57, 266, 204)', 'click': 'True'}
23:53:04 -         来自: main.py:683 - detect_start_btn                 | 函数返回            | __main__.find_pic                        | 返回值: None
23:53:04 -         来自: main.py:686 - detect_start_btn                 | 调用函数            | __main__.find_pic                        | 参数: {'path': 'quick_start', 'pos': '(831, 595, 219, 87)', 'click': 'True'}
23:53:04 -         来自: main.py:686 - detect_start_btn                 | 函数返回            | __main__.find_pic                        | 返回值: None
23:53:04 -         来自: main.py:706 - before_start                     | 调用函数            | __main__.find_my_cards                   | 参数: {'self': '<__main__.Worker object at 0x000001DFE5A32550>'}
23:53:04 -         来自: main.py:706 - before_start                     | 函数返回            | __main__.find_my_cards                   | 返回值: 
23:53:05 -         来自: main.py:659 - detect_start_btn                 | 调用函数            | __main__.find_pic                        | 参数: {'path': 'continue', 'pos': '(545, 503, 170, 60)', 'click': 'True'}
23:53:05 -         来自: main.py:659 - detect_start_btn                 | 函数返回            | __main__.find_pic                        | 返回值: None
23:53:05 -         来自: main.py:662 - detect_start_btn                 | 调用函数            | __main__.find_pic                        | 参数: {'path': 'reward', 'pos': '(521, 506, 199, 76)', 'click': 'True'}
23:53:05 -         来自: main.py:662 - detect_start_btn                 | 函数返回            | __main__.find_pic                        | 返回值: None
23:53:05 -         来自: main.py:665 - detect_start_btn                 | 调用函数            | __main__.find_pic                        | 参数: {'path': 'start_game', 'pos': '(201, 260, 840, 74)', 'click': 'True'}
23:53:05 -         来自: main.py:665 - detect_start_btn                 | 函数返回            | __main__.find_pic                        | 返回值: None
23:53:05 -         来自: main.py:668 - detect_start_btn                 | 调用函数            | __main__.find_pic                        | 参数: {'path': 'tuoguan', 'pos': '(485, 620, 269, 92)', 'click': 'True'}
23:53:05 -         来自: main.py:668 - detect_start_btn                 | 函数返回            | __main__.find_pic                        | 返回值: None
23:53:05 -         来自: main.py:671 - detect_start_btn                 | 调用函数            | __main__.find_pic                        | 参数: {'path': 'sure', 'pos': '(560, 405, 256, 127)', 'click': 'True'}
23:53:05 -         来自: main.py:671 - detect_start_btn                 | 函数返回            | __main__.find_pic                        | 返回值: None
23:53:05 -         来自: main.py:674 - detect_start_btn                 | 调用函数            | __main__.find_pic                        | 参数: {'path': 'tuijian', 'pos': '(648, 413, 194, 88)', 'click': 'True'}
23:53:05 -         来自: main.py:674 - detect_start_btn                 | 函数返回            | __main__.find_pic                        | 返回值: None
23:53:05 -         来自: main.py:677 - detect_start_btn                 | 调用函数            | __main__.find_pic                        | 参数: {'path': 'good', 'pos': '(385, 532, 194, 78)', 'click': 'True'}
23:53:05 -         来自: main.py:677 - detect_start_btn                 | 函数返回            | __main__.find_pic                        | 返回值: None
23:53:05 -         来自: main.py:680 - detect_start_btn                 | 调用函数            | __main__.find_pic                        | 参数: {'path': 'zhidao', 'pos': '(527, 482, 199, 83)', 'click': 'True'}
23:53:05 -         来自: main.py:680 - detect_start_btn                 | 函数返回            | __main__.find_pic                        | 返回值: None
23:53:05 -         来自: main.py:683 - detect_start_btn                 | 调用函数            | __main__.find_pic                        | 参数: {'path': 'chacha', 'pos': '(920, 57, 266, 204)', 'click': 'True'}
23:53:05 -         来自: main.py:683 - detect_start_btn                 | 函数返回            | __main__.find_pic                        | 返回值: None
23:53:05 -         来自: main.py:686 - detect_start_btn                 | 调用函数            | __main__.find_pic                        | 参数: {'path': 'quick_start', 'pos': '(831, 595, 219, 87)', 'click': 'True'}
23:53:05 -         来自: main.py:686 - detect_start_btn                 | 函数返回            | __main__.find_pic                        | 返回值: None
23:53:05 -         来自: main.py:706 - before_start                     | 调用函数            | __main__.find_my_cards                   | 参数: {'self': '<__main__.Worker object at 0x000001DFE5A32550>'}
23:53:05 -         来自: main.py:706 - before_start                     | 函数返回            | __main__.find_my_cards                   | 返回值: 
23:53:06 -         来自: main.py:659 - detect_start_btn                 | 调用函数            | __main__.find_pic                        | 参数: {'path': 'continue', 'pos': '(545, 503, 170, 60)', 'click': 'True'}
23:53:06 -         来自: main.py:659 - detect_start_btn                 | 函数返回            | __main__.find_pic                        | 返回值: None
23:53:06 -         来自: main.py:662 - detect_start_btn                 | 调用函数            | __main__.find_pic                        | 参数: {'path': 'reward', 'pos': '(521, 506, 199, 76)', 'click': 'True'}
23:53:06 -         来自: main.py:662 - detect_start_btn                 | 函数返回            | __main__.find_pic                        | 返回值: None
23:53:06 -         来自: main.py:665 - detect_start_btn                 | 调用函数            | __main__.find_pic                        | 参数: {'path': 'start_game', 'pos': '(201, 260, 840, 74)', 'click': 'True'}
23:53:06 -         来自: main.py:665 - detect_start_btn                 | 函数返回            | __main__.find_pic                        | 返回值: None
23:53:06 -         来自: main.py:668 - detect_start_btn                 | 调用函数            | __main__.find_pic                        | 参数: {'path': 'tuoguan', 'pos': '(485, 620, 269, 92)', 'click': 'True'}
23:53:06 -         来自: main.py:668 - detect_start_btn                 | 函数返回            | __main__.find_pic                        | 返回值: None
23:53:06 -         来自: main.py:671 - detect_start_btn                 | 调用函数            | __main__.find_pic                        | 参数: {'path': 'sure', 'pos': '(560, 405, 256, 127)', 'click': 'True'}
23:53:06 -         来自: main.py:671 - detect_start_btn                 | 函数返回            | __main__.find_pic                        | 返回值: None
23:53:06 -         来自: main.py:674 - detect_start_btn                 | 调用函数            | __main__.find_pic                        | 参数: {'path': 'tuijian', 'pos': '(648, 413, 194, 88)', 'click': 'True'}
23:53:06 -         来自: main.py:674 - detect_start_btn                 | 函数返回            | __main__.find_pic                        | 返回值: None
23:53:06 -         来自: main.py:677 - detect_start_btn                 | 调用函数            | __main__.find_pic                        | 参数: {'path': 'good', 'pos': '(385, 532, 194, 78)', 'click': 'True'}
23:53:06 -         来自: main.py:677 - detect_start_btn                 | 函数返回            | __main__.find_pic                        | 返回值: None
23:53:06 -         来自: main.py:680 - detect_start_btn                 | 调用函数            | __main__.find_pic                        | 参数: {'path': 'zhidao', 'pos': '(527, 482, 199, 83)', 'click': 'True'}
23:53:06 -         来自: main.py:680 - detect_start_btn                 | 函数返回            | __main__.find_pic                        | 返回值: None
23:53:06 -         来自: main.py:683 - detect_start_btn                 | 调用函数            | __main__.find_pic                        | 参数: {'path': 'chacha', 'pos': '(920, 57, 266, 204)', 'click': 'True'}
23:53:06 -         来自: main.py:683 - detect_start_btn                 | 函数返回            | __main__.find_pic                        | 返回值: None
23:53:06 -         来自: main.py:686 - detect_start_btn                 | 调用函数            | __main__.find_pic                        | 参数: {'path': 'quick_start', 'pos': '(831, 595, 219, 87)', 'click': 'True'}
23:53:06 -         来自: main.py:686 - detect_start_btn                 | 函数返回            | __main__.find_pic                        | 返回值: None
23:53:06 -         来自: main.py:706 - before_start                     | 调用函数            | __main__.find_my_cards                   | 参数: {'self': '<__main__.Worker object at 0x000001DFE5A32550>'}
23:53:06 -         来自: main.py:706 - before_start                     | 函数返回            | __main__.find_my_cards                   | 返回值: 
23:53:07 -         来自: main.py:659 - detect_start_btn                 | 调用函数            | __main__.find_pic                        | 参数: {'path': 'continue', 'pos': '(545, 503, 170, 60)', 'click': 'True'}
23:53:07 -         来自: main.py:659 - detect_start_btn                 | 函数返回            | __main__.find_pic                        | 返回值: None
23:53:07 -         来自: main.py:662 - detect_start_btn                 | 调用函数            | __main__.find_pic                        | 参数: {'path': 'reward', 'pos': '(521, 506, 199, 76)', 'click': 'True'}
23:53:07 -         来自: main.py:662 - detect_start_btn                 | 函数返回            | __main__.find_pic                        | 返回值: None
23:53:07 -         来自: main.py:665 - detect_start_btn                 | 调用函数            | __main__.find_pic                        | 参数: {'path': 'start_game', 'pos': '(201, 260, 840, 74)', 'click': 'True'}
23:53:07 -         来自: main.py:665 - detect_start_btn                 | 函数返回            | __main__.find_pic                        | 返回值: None
23:53:07 -         来自: main.py:668 - detect_start_btn                 | 调用函数            | __main__.find_pic                        | 参数: {'path': 'tuoguan', 'pos': '(485, 620, 269, 92)', 'click': 'True'}
23:53:07 -         来自: main.py:668 - detect_start_btn                 | 函数返回            | __main__.find_pic                        | 返回值: None
23:53:07 -         来自: main.py:671 - detect_start_btn                 | 调用函数            | __main__.find_pic                        | 参数: {'path': 'sure', 'pos': '(560, 405, 256, 127)', 'click': 'True'}
23:53:07 -         来自: main.py:671 - detect_start_btn                 | 函数返回            | __main__.find_pic                        | 返回值: None
23:53:07 -         来自: main.py:674 - detect_start_btn                 | 调用函数            | __main__.find_pic                        | 参数: {'path': 'tuijian', 'pos': '(648, 413, 194, 88)', 'click': 'True'}
23:53:07 -         来自: main.py:674 - detect_start_btn                 | 函数返回            | __main__.find_pic                        | 返回值: None
23:53:07 -         来自: main.py:677 - detect_start_btn                 | 调用函数            | __main__.find_pic                        | 参数: {'path': 'good', 'pos': '(385, 532, 194, 78)', 'click': 'True'}
23:53:07 -         来自: main.py:677 - detect_start_btn                 | 函数返回            | __main__.find_pic                        | 返回值: None
23:53:07 -         来自: main.py:680 - detect_start_btn                 | 调用函数            | __main__.find_pic                        | 参数: {'path': 'zhidao', 'pos': '(527, 482, 199, 83)', 'click': 'True'}
23:53:07 -         来自: main.py:680 - detect_start_btn                 | 函数返回            | __main__.find_pic                        | 返回值: None
23:53:07 -         来自: main.py:683 - detect_start_btn                 | 调用函数            | __main__.find_pic                        | 参数: {'path': 'chacha', 'pos': '(920, 57, 266, 204)', 'click': 'True'}
23:53:07 -         来自: main.py:683 - detect_start_btn                 | 函数返回            | __main__.find_pic                        | 返回值: None
23:53:07 -         来自: main.py:686 - detect_start_btn                 | 调用函数            | __main__.find_pic                        | 参数: {'path': 'quick_start', 'pos': '(831, 595, 219, 87)', 'click': 'True'}
23:53:07 -         来自: main.py:686 - detect_start_btn                 | 函数返回            | __main__.find_pic                        | 返回值: None
23:53:07 -         来自: main.py:706 - before_start                     | 调用函数            | __main__.find_my_cards                   | 参数: {'self': '<__main__.Worker object at 0x000001DFE5A32550>'}
23:53:07 -         来自: main.py:706 - before_start                     | 函数返回            | __main__.find_my_cards                   | 返回值: 
23:53:08 -         来自: main.py:659 - detect_start_btn                 | 调用函数            | __main__.find_pic                        | 参数: {'path': 'continue', 'pos': '(545, 503, 170, 60)', 'click': 'True'}
23:53:08 -         来自: main.py:659 - detect_start_btn                 | 函数返回            | __main__.find_pic                        | 返回值: None
23:53:08 -         来自: main.py:662 - detect_start_btn                 | 调用函数            | __main__.find_pic                        | 参数: {'path': 'reward', 'pos': '(521, 506, 199, 76)', 'click': 'True'}
23:53:08 -         来自: main.py:662 - detect_start_btn                 | 函数返回            | __main__.find_pic                        | 返回值: None
23:53:08 -         来自: main.py:665 - detect_start_btn                 | 调用函数            | __main__.find_pic                        | 参数: {'path': 'start_game', 'pos': '(201, 260, 840, 74)', 'click': 'True'}
23:53:08 -         来自: main.py:665 - detect_start_btn                 | 函数返回            | __main__.find_pic                        | 返回值: None
23:53:08 -         来自: main.py:668 - detect_start_btn                 | 调用函数            | __main__.find_pic                        | 参数: {'path': 'tuoguan', 'pos': '(485, 620, 269, 92)', 'click': 'True'}
23:53:08 -         来自: main.py:668 - detect_start_btn                 | 函数返回            | __main__.find_pic                        | 返回值: None
23:53:08 -         来自: main.py:671 - detect_start_btn                 | 调用函数            | __main__.find_pic                        | 参数: {'path': 'sure', 'pos': '(560, 405, 256, 127)', 'click': 'True'}
23:53:08 -         来自: main.py:671 - detect_start_btn                 | 函数返回            | __main__.find_pic                        | 返回值: None
23:53:08 -         来自: main.py:674 - detect_start_btn                 | 调用函数            | __main__.find_pic                        | 参数: {'path': 'tuijian', 'pos': '(648, 413, 194, 88)', 'click': 'True'}
23:53:08 -         来自: main.py:674 - detect_start_btn                 | 函数返回            | __main__.find_pic                        | 返回值: None
23:53:08 -         来自: main.py:677 - detect_start_btn                 | 调用函数            | __main__.find_pic                        | 参数: {'path': 'good', 'pos': '(385, 532, 194, 78)', 'click': 'True'}
23:53:08 -         来自: main.py:677 - detect_start_btn                 | 函数返回            | __main__.find_pic                        | 返回值: None
23:53:08 -         来自: main.py:680 - detect_start_btn                 | 调用函数            | __main__.find_pic                        | 参数: {'path': 'zhidao', 'pos': '(527, 482, 199, 83)', 'click': 'True'}
23:53:08 -         来自: main.py:680 - detect_start_btn                 | 函数返回            | __main__.find_pic                        | 返回值: None
23:53:08 -         来自: main.py:683 - detect_start_btn                 | 调用函数            | __main__.find_pic                        | 参数: {'path': 'chacha', 'pos': '(920, 57, 266, 204)', 'click': 'True'}
23:53:08 -         来自: main.py:683 - detect_start_btn                 | 函数返回            | __main__.find_pic                        | 返回值: None
23:53:08 -         来自: main.py:686 - detect_start_btn                 | 调用函数            | __main__.find_pic                        | 参数: {'path': 'quick_start', 'pos': '(831, 595, 219, 87)', 'click': 'True'}
23:53:08 -         来自: main.py:686 - detect_start_btn                 | 函数返回            | __main__.find_pic                        | 返回值: None
23:53:08 -         来自: main.py:706 - before_start                     | 调用函数            | __main__.find_my_cards                   | 参数: {'self': '<__main__.Worker object at 0x000001DFE5A32550>'}
23:53:08 -             来自: main.py:332 - cards_info                       | 调用函数            | __main__.cards_filter                    | 参数: {'location': '[(487, 29, 1121, 82), (487, 30, 1121, 82)]', 'distance': '25'}
23:53:08 -             来自: main.py:332 - cards_info                       | 函数返回            | __main__.cards_filter                    | 返回值: (1, [(487, 29, 1121, 82)])
23:53:08 -             来自: main.py:332 - cards_info                       | 调用函数            | __main__.cards_filter                    | 参数: {'location': '[(537, 30, 1121, 82), (537, 31, 1121, 82), (538, 31, 1121, 82), (537, 32, 1121, 82)]', 'distance': '25'}
23:53:08 -             来自: main.py:332 - cards_info                       | 函数返回            | __main__.cards_filter                    | 返回值: (1, [(537, 30, 1121, 82)])
23:53:08 -             来自: main.py:332 - cards_info                       | 调用函数            | __main__.cards_filter                    | 参数: {'location': '[(588, 28, 1121, 82), (589, 28, 1121, 82), (587, 29, 1121, 82), (588, 29, 1121, 82), (589, 29, 1121, 82), (587, 30, 1121, 82), (588, 30, 1121, 82), (589, 30, 1121, 82), (587, 31, 1121, 82), (588, 31, 1121, 82), (589, 31, 1121, 82), (588, 32, 1121, 82), (589, 32, 1121, 82)]', 'distance': '25'}
23:53:08 -             来自: main.py:332 - cards_info                       | 函数返回            | __main__.cards_filter                    | 返回值: (1, [(588, 28, 1121, 82)])
23:53:08 -             来自: main.py:332 - cards_info                       | 调用函数            | __main__.cards_filter                    | 参数: {'location': '[(639, 29, 1121, 82), (640, 29, 1121, 82), (638, 30, 1121, 82), (639, 30, 1121, 82), (640, 30, 1121, 82), (638, 31, 1121, 82), (639, 31, 1121, 82), (640, 31, 1121, 82), (638, 32, 1121, 82), (639, 32, 1121, 82), (640, 32, 1121, 82), (638, 33, 1121, 82), (639, 33, 1121, 82)]', 'distance': '25'}
23:53:08 -             来自: main.py:332 - cards_info                       | 函数返回            | __main__.cards_filter                    | 返回值: (1, [(639, 29, 1121, 82)])
23:53:08 -             来自: main.py:332 - cards_info                       | 调用函数            | __main__.cards_filter                    | 参数: {'location': '[(436, 29, 1121, 82), (437, 29, 1121, 82), (436, 30, 1121, 82), (437, 30, 1121, 82), (438, 30, 1121, 82), (436, 31, 1121, 82), (437, 31, 1121, 82)]', 'distance': '25'}
23:53:08 -             来自: main.py:332 - cards_info                       | 函数返回            | __main__.cards_filter                    | 返回值: (1, [(436, 29, 1121, 82)])
23:53:08 -             来自: main.py:332 - cards_info                       | 调用函数            | __main__.cards_filter                    | 参数: {'location': '[(385, 31, 1121, 82), (386, 31, 1121, 82)]', 'distance': '25'}
23:53:08 -             来自: main.py:332 - cards_info                       | 函数返回            | __main__.cards_filter                    | 返回值: (1, [(385, 31, 1121, 82)])
23:53:08 -         来自: main.py:706 - before_start                     | 函数返回            | __main__.find_my_cards                   | 返回值: KQJ763
23:53:09 -         来自: main.py:659 - detect_start_btn                 | 调用函数            | __main__.find_pic                        | 参数: {'path': 'continue', 'pos': '(545, 503, 170, 60)', 'click': 'True'}
23:53:09 -         来自: main.py:659 - detect_start_btn                 | 函数返回            | __main__.find_pic                        | 返回值: None
23:53:09 -         来自: main.py:662 - detect_start_btn                 | 调用函数            | __main__.find_pic                        | 参数: {'path': 'reward', 'pos': '(521, 506, 199, 76)', 'click': 'True'}
23:53:09 -         来自: main.py:662 - detect_start_btn                 | 函数返回            | __main__.find_pic                        | 返回值: None
23:53:09 -         来自: main.py:665 - detect_start_btn                 | 调用函数            | __main__.find_pic                        | 参数: {'path': 'start_game', 'pos': '(201, 260, 840, 74)', 'click': 'True'}
23:53:09 -         来自: main.py:665 - detect_start_btn                 | 函数返回            | __main__.find_pic                        | 返回值: None
23:53:09 -         来自: main.py:668 - detect_start_btn                 | 调用函数            | __main__.find_pic                        | 参数: {'path': 'tuoguan', 'pos': '(485, 620, 269, 92)', 'click': 'True'}
23:53:09 -         来自: main.py:668 - detect_start_btn                 | 函数返回            | __main__.find_pic                        | 返回值: None
23:53:09 -         来自: main.py:671 - detect_start_btn                 | 调用函数            | __main__.find_pic                        | 参数: {'path': 'sure', 'pos': '(560, 405, 256, 127)', 'click': 'True'}
23:53:09 -         来自: main.py:671 - detect_start_btn                 | 函数返回            | __main__.find_pic                        | 返回值: None
23:53:09 -         来自: main.py:674 - detect_start_btn                 | 调用函数            | __main__.find_pic                        | 参数: {'path': 'tuijian', 'pos': '(648, 413, 194, 88)', 'click': 'True'}
23:53:09 -         来自: main.py:674 - detect_start_btn                 | 函数返回            | __main__.find_pic                        | 返回值: None
23:53:09 -         来自: main.py:677 - detect_start_btn                 | 调用函数            | __main__.find_pic                        | 参数: {'path': 'good', 'pos': '(385, 532, 194, 78)', 'click': 'True'}
23:53:09 -         来自: main.py:677 - detect_start_btn                 | 函数返回            | __main__.find_pic                        | 返回值: None
23:53:09 -         来自: main.py:680 - detect_start_btn                 | 调用函数            | __main__.find_pic                        | 参数: {'path': 'zhidao', 'pos': '(527, 482, 199, 83)', 'click': 'True'}
23:53:09 -         来自: main.py:680 - detect_start_btn                 | 函数返回            | __main__.find_pic                        | 返回值: None
23:53:09 -         来自: main.py:683 - detect_start_btn                 | 调用函数            | __main__.find_pic                        | 参数: {'path': 'chacha', 'pos': '(920, 57, 266, 204)', 'click': 'True'}
23:53:09 -         来自: main.py:683 - detect_start_btn                 | 函数返回            | __main__.find_pic                        | 返回值: None
23:53:09 -         来自: main.py:686 - detect_start_btn                 | 调用函数            | __main__.find_pic                        | 参数: {'path': 'quick_start', 'pos': '(831, 595, 219, 87)', 'click': 'True'}
23:53:09 -         来自: main.py:686 - detect_start_btn                 | 函数返回            | __main__.find_pic                        | 返回值: None
23:53:09 -         来自: main.py:706 - before_start                     | 调用函数            | __main__.find_my_cards                   | 参数: {'self': '<__main__.Worker object at 0x000001DFE5A32550>'}
23:53:10 -             来自: main.py:332 - cards_info                       | 调用函数            | __main__.cards_filter                    | 参数: {'location': '[(512, 31, 1121, 82), (513, 31, 1121, 82)]', 'distance': '25'}
23:53:10 -             来自: main.py:332 - cards_info                       | 函数返回            | __main__.cards_filter                    | 返回值: (1, [(512, 31, 1121, 82)])
23:53:10 -         来自: main.py:706 - before_start                     | 函数返回            | __main__.find_my_cards                   | 返回值: 3
23:53:10 -         来自: main.py:659 - detect_start_btn                 | 调用函数            | __main__.find_pic                        | 参数: {'path': 'continue', 'pos': '(545, 503, 170, 60)', 'click': 'True'}
23:53:10 -         来自: main.py:659 - detect_start_btn                 | 函数返回            | __main__.find_pic                        | 返回值: None
23:53:10 -         来自: main.py:662 - detect_start_btn                 | 调用函数            | __main__.find_pic                        | 参数: {'path': 'reward', 'pos': '(521, 506, 199, 76)', 'click': 'True'}
23:53:10 -         来自: main.py:662 - detect_start_btn                 | 函数返回            | __main__.find_pic                        | 返回值: None
23:53:10 -         来自: main.py:665 - detect_start_btn                 | 调用函数            | __main__.find_pic                        | 参数: {'path': 'start_game', 'pos': '(201, 260, 840, 74)', 'click': 'True'}
23:53:10 -         来自: main.py:665 - detect_start_btn                 | 函数返回            | __main__.find_pic                        | 返回值: None
23:53:10 -         来自: main.py:668 - detect_start_btn                 | 调用函数            | __main__.find_pic                        | 参数: {'path': 'tuoguan', 'pos': '(485, 620, 269, 92)', 'click': 'True'}
23:53:10 -         来自: main.py:668 - detect_start_btn                 | 函数返回            | __main__.find_pic                        | 返回值: None
23:53:10 -         来自: main.py:671 - detect_start_btn                 | 调用函数            | __main__.find_pic                        | 参数: {'path': 'sure', 'pos': '(560, 405, 256, 127)', 'click': 'True'}
23:53:10 -         来自: main.py:671 - detect_start_btn                 | 函数返回            | __main__.find_pic                        | 返回值: None
23:53:10 -         来自: main.py:674 - detect_start_btn                 | 调用函数            | __main__.find_pic                        | 参数: {'path': 'tuijian', 'pos': '(648, 413, 194, 88)', 'click': 'True'}
23:53:10 -         来自: main.py:674 - detect_start_btn                 | 函数返回            | __main__.find_pic                        | 返回值: None
23:53:10 -         来自: main.py:677 - detect_start_btn                 | 调用函数            | __main__.find_pic                        | 参数: {'path': 'good', 'pos': '(385, 532, 194, 78)', 'click': 'True'}
23:53:10 -         来自: main.py:677 - detect_start_btn                 | 函数返回            | __main__.find_pic                        | 返回值: None
23:53:10 -         来自: main.py:680 - detect_start_btn                 | 调用函数            | __main__.find_pic                        | 参数: {'path': 'zhidao', 'pos': '(527, 482, 199, 83)', 'click': 'True'}
23:53:10 -         来自: main.py:680 - detect_start_btn                 | 函数返回            | __main__.find_pic                        | 返回值: None
23:53:10 -         来自: main.py:683 - detect_start_btn                 | 调用函数            | __main__.find_pic                        | 参数: {'path': 'chacha', 'pos': '(920, 57, 266, 204)', 'click': 'True'}
23:53:10 -         来自: main.py:683 - detect_start_btn                 | 函数返回            | __main__.find_pic                        | 返回值: None
23:53:10 -         来自: main.py:686 - detect_start_btn                 | 调用函数            | __main__.find_pic                        | 参数: {'path': 'quick_start', 'pos': '(831, 595, 219, 87)', 'click': 'True'}
23:53:11 -         来自: main.py:686 - detect_start_btn                 | 函数返回            | __main__.find_pic                        | 返回值: None
23:53:11 -         来自: main.py:706 - before_start                     | 调用函数            | __main__.find_my_cards                   | 参数: {'self': '<__main__.Worker object at 0x000001DFE5A32550>'}
23:53:11 -             来自: main.py:332 - cards_info                       | 调用函数            | __main__.cards_filter                    | 参数: {'location': '[(107, 30, 1121, 82), (108, 30, 1121, 82), (109, 30, 1121, 82), (107, 31, 1121, 82), (108, 31, 1121, 82), (109, 31, 1121, 82), (107, 32, 1121, 82), (108, 32, 1121, 82), (109, 32, 1121, 82)]', 'distance': '25'}
23:53:11 -             来自: main.py:332 - cards_info                       | 函数返回            | __main__.cards_filter                    | 返回值: (1, [(107, 30, 1121, 82)])
23:53:11 -             来自: main.py:332 - cards_info                       | 调用函数            | __main__.cards_filter                    | 参数: {'location': '[(158, 27, 1121, 82), (157, 28, 1121, 82), (158, 28, 1121, 82), (159, 28, 1121, 82), (157, 29, 1121, 82), (158, 29, 1121, 82), (159, 29, 1121, 82), (157, 30, 1121, 82), (158, 30, 1121, 82), (159, 30, 1121, 82), (157, 31, 1121, 82), (158, 31, 1121, 82), (159, 31, 1121, 82), (158, 32, 1121, 82)]', 'distance': '25'}
23:53:11 -             来自: main.py:332 - cards_info                       | 函数返回            | __main__.cards_filter                    | 返回值: (1, [(158, 27, 1121, 82)])
23:53:11 -             来自: main.py:332 - cards_info                       | 调用函数            | __main__.cards_filter                    | 参数: {'location': '[(310, 28, 1121, 82), (209, 29, 1121, 82), (309, 29, 1121, 82), (310, 29, 1121, 82), (311, 29, 1121, 82), (208, 30, 1121, 82), (209, 30, 1121, 82), (259, 30, 1121, 82), (260, 30, 1121, 82), (309, 30, 1121, 82), (310, 30, 1121, 82), (311, 30, 1121, 82)]', 'distance': '25'}
23:53:11 -             来自: main.py:332 - cards_info                       | 函数返回            | __main__.cards_filter                    | 返回值: (3, [(310, 28, 1121, 82), (209, 29, 1121, 82), (259, 30, 1121, 82)])
23:53:11 -             来自: main.py:332 - cards_info                       | 调用函数            | __main__.cards_filter                    | 参数: {'location': '[(360, 30, 1121, 82), (360, 31, 1121, 82), (361, 31, 1121, 82), (360, 32, 1121, 82)]', 'distance': '25'}
23:53:11 -             来自: main.py:332 - cards_info                       | 函数返回            | __main__.cards_filter                    | 返回值: (1, [(360, 30, 1121, 82)])
23:53:11 -             来自: main.py:332 - cards_info                       | 调用函数            | __main__.cards_filter                    | 参数: {'location': '[(411, 28, 1121, 82), (412, 28, 1121, 82), (410, 29, 1121, 82), (411, 29, 1121, 82), (412, 29, 1121, 82), (462, 29, 1121, 82), (410, 30, 1121, 82), (411, 30, 1121, 82), (412, 30, 1121, 82), (461, 30, 1121, 82), (462, 30, 1121, 82), (410, 31, 1121, 82), (411, 31, 1121, 82), (412, 31, 1121, 82), (462, 31, 1121, 82), (411, 32, 1121, 82), (412, 32, 1121, 82)]', 'distance': '25'}
23:53:11 -             来自: main.py:332 - cards_info                       | 函数返回            | __main__.cards_filter                    | 返回值: (2, [(411, 28, 1121, 82), (462, 29, 1121, 82)])
23:53:11 -             来自: main.py:332 - cards_info                       | 调用函数            | __main__.cards_filter                    | 参数: {'location': '[(562, 28, 1121, 82), (562, 29, 1121, 82), (563, 29, 1121, 82), (512, 30, 1121, 82), (562, 30, 1121, 82), (563, 30, 1121, 82), (512, 31, 1121, 82), (562, 31, 1121, 82), (563, 31, 1121, 82), (512, 32, 1121, 82), (562, 32, 1121, 82), (563, 32, 1121, 82), (562, 33, 1121, 82), (563, 33, 1121, 82)]', 'distance': '25'}
23:53:11 -             来自: main.py:332 - cards_info                       | 函数返回            | __main__.cards_filter                    | 返回值: (2, [(562, 28, 1121, 82), (512, 30, 1121, 82)])
23:53:11 -             来自: main.py:332 - cards_info                       | 调用函数            | __main__.cards_filter                    | 参数: {'location': '[(612, 30, 1121, 82), (613, 30, 1121, 82), (614, 30, 1121, 82), (612, 31, 1121, 82), (613, 31, 1121, 82), (614, 31, 1121, 82), (612, 32, 1121, 82), (613, 32, 1121, 82), (614, 32, 1121, 82)]', 'distance': '25'}
23:53:11 -             来自: main.py:332 - cards_info                       | 函数返回            | __main__.cards_filter                    | 返回值: (1, [(612, 30, 1121, 82)])
23:53:11 -             来自: main.py:332 - cards_info                       | 调用函数            | __main__.cards_filter                    | 参数: {'location': '[(664, 29, 1121, 82), (665, 29, 1121, 82), (715, 29, 1121, 82), (716, 29, 1121, 82), (664, 30, 1121, 82), (665, 30, 1121, 82), (666, 30, 1121, 82), (714, 30, 1121, 82), (715, 30, 1121, 82), (716, 30, 1121, 82), (663, 31, 1121, 82), (664, 31, 1121, 82), (665, 31, 1121, 82), (666, 31, 1121, 82), (714, 31, 1121, 82), (715, 31, 1121, 82), (716, 31, 1121, 82), (663, 32, 1121, 82), (664, 32, 1121, 82), (665, 32, 1121, 82), (714, 32, 1121, 82), (715, 32, 1121, 82), (716, 32, 1121, 82), (663, 33, 1121, 82), (664, 33, 1121, 82), (714, 33, 1121, 82), (715, 33, 1121, 82)]', 'distance': '25'}
23:53:11 -             来自: main.py:332 - cards_info                       | 函数返回            | __main__.cards_filter                    | 返回值: (2, [(664, 29, 1121, 82), (715, 29, 1121, 82)])
23:53:11 -             来自: main.py:332 - cards_info                       | 调用函数            | __main__.cards_filter                    | 参数: {'location': '[(764, 29, 1121, 82), (765, 29, 1121, 82), (766, 29, 1121, 82), (764, 30, 1121, 82), (765, 30, 1121, 82), (766, 30, 1121, 82), (765, 31, 1121, 82), (766, 31, 1121, 82)]', 'distance': '25'}
23:53:11 -             来自: main.py:332 - cards_info                       | 函数返回            | __main__.cards_filter                    | 返回值: (1, [(764, 29, 1121, 82)])
23:53:11 -             来自: main.py:332 - cards_info                       | 调用函数            | __main__.cards_filter                    | 参数: {'location': '[(815, 28, 1121, 82), (816, 28, 1121, 82), (817, 28, 1121, 82), (815, 29, 1121, 82), (816, 29, 1121, 82), (817, 29, 1121, 82), (818, 29, 1121, 82), (815, 30, 1121, 82), (816, 30, 1121, 82), (817, 30, 1121, 82)]', 'distance': '25'}
23:53:11 -             来自: main.py:332 - cards_info                       | 函数返回            | __main__.cards_filter                    | 返回值: (1, [(815, 28, 1121, 82)])
23:53:11 -             来自: main.py:332 - cards_info                       | 调用函数            | __main__.cards_filter                    | 参数: {'location': '[(866, 29, 1121, 82), (867, 29, 1121, 82), (865, 30, 1121, 82), (866, 30, 1121, 82), (867, 30, 1121, 82), (865, 31, 1121, 82), (866, 31, 1121, 82), (867, 31, 1121, 82), (865, 32, 1121, 82), (866, 32, 1121, 82), (867, 32, 1121, 82)]', 'distance': '25'}
23:53:11 -             来自: main.py:332 - cards_info                       | 函数返回            | __main__.cards_filter                    | 返回值: (1, [(866, 29, 1121, 82)])
23:53:11 -             来自: main.py:332 - cards_info                       | 调用函数            | __main__.cards_filter                    | 参数: {'location': '[(916, 31, 1121, 82), (917, 31, 1121, 82)]', 'distance': '25'}
23:53:11 -             来自: main.py:332 - cards_info                       | 函数返回            | __main__.cards_filter                    | 返回值: (1, [(916, 31, 1121, 82)])
23:53:11 -         来自: main.py:706 - before_start                     | 函数返回            | __main__.find_my_cards                   | 返回值: 2AKKKQJJTT8776543
23:53:11 - 来自: main.py:1747 - <module>                        | 调用函数            | __main__.state_display                   | 参数: {'self': '<__main__.MaYun object at 0x000001DFE404FF70>', 'result': '在游戏中'}
23:53:11 - 来自: main.py:1747 - <module>                        | 函数返回            | __main__.state_display                   | 返回值: None
23:53:11 - 来自: main.py:1747 - <module>                        | 调用函数            | __main__.bid_display                     | 参数: {'self': '<__main__.MaYun object at 0x000001DFE404FF70>', 'result': '得分：0.049'}
23:53:11 -         来自: main.py:764 - before_start                     | 调用函数            | __main__.find_my_cards                   | 参数: {'self': '<__main__.Worker object at 0x000001DFE5A32550>'}
23:53:11 - 来自: main.py:1747 - <module>                        | 函数返回            | __main__.bid_display                     | 返回值: None
23:53:11 - 来自: main.py:1747 - <module>                        | 调用函数            | __main__.suggest1_text                   | 参数: {'self': '<__main__.MaYun object at 0x000001DFE404FF70>', 'result': '建议： 不叫'}
23:53:11 - 来自: main.py:1747 - <module>                        | 函数返回            | __main__.suggest1_text                   | 返回值: None
23:53:11 - 来自: main.py:1747 - <module>                        | 调用函数            | __main__.suggest2_text                   | 参数: {'self': '<__main__.MaYun object at 0x000001DFE404FF70>', 'result': '建议： 不加倍'}
23:53:11 - 来自: main.py:1747 - <module>                        | 函数返回            | __main__.suggest2_text                   | 返回值: None
23:53:11 - 来自: main.py:1747 - <module>                        | 调用函数            | __main__.cards_recorder                  | 参数: {'self': '<__main__.MaYun object at 0x000001DFE404FF70>', 'result': 'DX222AAAKQQQJJTT999988877666555444333'}
23:53:11 - 来自: main.py:1747 - <module>                        | 函数返回            | __main__.cards_recorder                  | 返回值: None
23:53:11 -             来自: main.py:332 - cards_info                       | 调用函数            | __main__.cards_filter                    | 参数: {'location': '[(107, 30, 1121, 82), (108, 30, 1121, 82), (109, 30, 1121, 82), (107, 31, 1121, 82), (108, 31, 1121, 82), (109, 31, 1121, 82), (107, 32, 1121, 82), (108, 32, 1121, 82), (109, 32, 1121, 82)]', 'distance': '25'}
23:53:11 -             来自: main.py:332 - cards_info                       | 函数返回            | __main__.cards_filter                    | 返回值: (1, [(107, 30, 1121, 82)])
23:53:11 -             来自: main.py:332 - cards_info                       | 调用函数            | __main__.cards_filter                    | 参数: {'location': '[(158, 27, 1121, 82), (157, 28, 1121, 82), (158, 28, 1121, 82), (159, 28, 1121, 82), (157, 29, 1121, 82), (158, 29, 1121, 82), (159, 29, 1121, 82), (157, 30, 1121, 82), (158, 30, 1121, 82), (159, 30, 1121, 82), (157, 31, 1121, 82), (158, 31, 1121, 82), (159, 31, 1121, 82), (158, 32, 1121, 82)]', 'distance': '25'}
23:53:11 -             来自: main.py:332 - cards_info                       | 函数返回            | __main__.cards_filter                    | 返回值: (1, [(158, 27, 1121, 82)])
23:53:11 -             来自: main.py:332 - cards_info                       | 调用函数            | __main__.cards_filter                    | 参数: {'location': '[(310, 28, 1121, 82), (209, 29, 1121, 82), (309, 29, 1121, 82), (310, 29, 1121, 82), (311, 29, 1121, 82), (208, 30, 1121, 82), (209, 30, 1121, 82), (259, 30, 1121, 82), (260, 30, 1121, 82), (309, 30, 1121, 82), (310, 30, 1121, 82), (311, 30, 1121, 82)]', 'distance': '25'}
23:53:11 -             来自: main.py:332 - cards_info                       | 函数返回            | __main__.cards_filter                    | 返回值: (3, [(310, 28, 1121, 82), (209, 29, 1121, 82), (259, 30, 1121, 82)])
23:53:11 -             来自: main.py:332 - cards_info                       | 调用函数            | __main__.cards_filter                    | 参数: {'location': '[(360, 30, 1121, 82), (360, 31, 1121, 82), (361, 31, 1121, 82), (360, 32, 1121, 82)]', 'distance': '25'}
23:53:11 -             来自: main.py:332 - cards_info                       | 函数返回            | __main__.cards_filter                    | 返回值: (1, [(360, 30, 1121, 82)])
23:53:11 -             来自: main.py:332 - cards_info                       | 调用函数            | __main__.cards_filter                    | 参数: {'location': '[(411, 28, 1121, 82), (412, 28, 1121, 82), (410, 29, 1121, 82), (411, 29, 1121, 82), (412, 29, 1121, 82), (462, 29, 1121, 82), (410, 30, 1121, 82), (411, 30, 1121, 82), (412, 30, 1121, 82), (461, 30, 1121, 82), (462, 30, 1121, 82), (410, 31, 1121, 82), (411, 31, 1121, 82), (412, 31, 1121, 82), (462, 31, 1121, 82), (411, 32, 1121, 82), (412, 32, 1121, 82)]', 'distance': '25'}
23:53:11 -             来自: main.py:332 - cards_info                       | 函数返回            | __main__.cards_filter                    | 返回值: (2, [(411, 28, 1121, 82), (462, 29, 1121, 82)])
23:53:11 -             来自: main.py:332 - cards_info                       | 调用函数            | __main__.cards_filter                    | 参数: {'location': '[(562, 28, 1121, 82), (562, 29, 1121, 82), (563, 29, 1121, 82), (512, 30, 1121, 82), (562, 30, 1121, 82), (563, 30, 1121, 82), (512, 31, 1121, 82), (562, 31, 1121, 82), (563, 31, 1121, 82), (512, 32, 1121, 82), (562, 32, 1121, 82), (563, 32, 1121, 82), (562, 33, 1121, 82), (563, 33, 1121, 82)]', 'distance': '25'}
23:53:11 -             来自: main.py:332 - cards_info                       | 函数返回            | __main__.cards_filter                    | 返回值: (2, [(562, 28, 1121, 82), (512, 30, 1121, 82)])
23:53:11 -             来自: main.py:332 - cards_info                       | 调用函数            | __main__.cards_filter                    | 参数: {'location': '[(612, 30, 1121, 82), (613, 30, 1121, 82), (614, 30, 1121, 82), (612, 31, 1121, 82), (613, 31, 1121, 82), (614, 31, 1121, 82), (612, 32, 1121, 82), (613, 32, 1121, 82), (614, 32, 1121, 82)]', 'distance': '25'}
23:53:11 -             来自: main.py:332 - cards_info                       | 函数返回            | __main__.cards_filter                    | 返回值: (1, [(612, 30, 1121, 82)])
23:53:11 -             来自: main.py:332 - cards_info                       | 调用函数            | __main__.cards_filter                    | 参数: {'location': '[(664, 29, 1121, 82), (665, 29, 1121, 82), (715, 29, 1121, 82), (716, 29, 1121, 82), (664, 30, 1121, 82), (665, 30, 1121, 82), (666, 30, 1121, 82), (714, 30, 1121, 82), (715, 30, 1121, 82), (716, 30, 1121, 82), (663, 31, 1121, 82), (664, 31, 1121, 82), (665, 31, 1121, 82), (666, 31, 1121, 82), (714, 31, 1121, 82), (715, 31, 1121, 82), (716, 31, 1121, 82), (663, 32, 1121, 82), (664, 32, 1121, 82), (665, 32, 1121, 82), (714, 32, 1121, 82), (715, 32, 1121, 82), (716, 32, 1121, 82), (663, 33, 1121, 82), (664, 33, 1121, 82), (714, 33, 1121, 82), (715, 33, 1121, 82)]', 'distance': '25'}
23:53:11 -             来自: main.py:332 - cards_info                       | 函数返回            | __main__.cards_filter                    | 返回值: (2, [(664, 29, 1121, 82), (715, 29, 1121, 82)])
23:53:11 -             来自: main.py:332 - cards_info                       | 调用函数            | __main__.cards_filter                    | 参数: {'location': '[(764, 29, 1121, 82), (765, 29, 1121, 82), (766, 29, 1121, 82), (764, 30, 1121, 82), (765, 30, 1121, 82), (766, 30, 1121, 82), (765, 31, 1121, 82), (766, 31, 1121, 82)]', 'distance': '25'}
23:53:11 -             来自: main.py:332 - cards_info                       | 函数返回            | __main__.cards_filter                    | 返回值: (1, [(764, 29, 1121, 82)])
23:53:11 -             来自: main.py:332 - cards_info                       | 调用函数            | __main__.cards_filter                    | 参数: {'location': '[(815, 28, 1121, 82), (816, 28, 1121, 82), (817, 28, 1121, 82), (815, 29, 1121, 82), (816, 29, 1121, 82), (817, 29, 1121, 82), (818, 29, 1121, 82), (815, 30, 1121, 82), (816, 30, 1121, 82), (817, 30, 1121, 82)]', 'distance': '25'}
23:53:11 -             来自: main.py:332 - cards_info                       | 函数返回            | __main__.cards_filter                    | 返回值: (1, [(815, 28, 1121, 82)])
23:53:11 -             来自: main.py:332 - cards_info                       | 调用函数            | __main__.cards_filter                    | 参数: {'location': '[(866, 29, 1121, 82), (867, 29, 1121, 82), (865, 30, 1121, 82), (866, 30, 1121, 82), (867, 30, 1121, 82), (865, 31, 1121, 82), (866, 31, 1121, 82), (867, 31, 1121, 82), (865, 32, 1121, 82), (866, 32, 1121, 82), (867, 32, 1121, 82)]', 'distance': '25'}
23:53:11 -             来自: main.py:332 - cards_info                       | 函数返回            | __main__.cards_filter                    | 返回值: (1, [(866, 29, 1121, 82)])
23:53:11 -             来自: main.py:332 - cards_info                       | 调用函数            | __main__.cards_filter                    | 参数: {'location': '[(916, 31, 1121, 82), (917, 31, 1121, 82)]', 'distance': '25'}
23:53:11 -             来自: main.py:332 - cards_info                       | 函数返回            | __main__.cards_filter                    | 返回值: (1, [(916, 31, 1121, 82)])
23:53:11 -         来自: main.py:764 - before_start                     | 函数返回            | __main__.find_my_cards                   | 返回值: 2AKKKQJJTT8776543
23:53:11 -         来自: main.py:821 - before_start                     | 调用函数            | __main__.find_pic                        | 参数: {'path': 'jiao_btn', 'pos': '(214, 380, 791, 93)', 'click': 'False'}
23:53:11 -         来自: main.py:821 - before_start                     | 函数返回            | __main__.find_pic                        | 返回值: None
23:53:11 -         来自: main.py:840 - before_start                     | 调用函数            | __main__.find_pic                        | 参数: {'path': 'qiang_btn', 'pos': '(214, 380, 791, 93)', 'click': 'False'}
23:53:11 -         来自: main.py:840 - before_start                     | 函数返回            | __main__.find_pic                        | 返回值: None
23:53:12 - 来自: main.py:1747 - <module>                        | 调用函数            | __main__.stop                            | 参数: {'self': '<__main__.MaYun object at 0x000001DFE404FF70>', 'result': 'False'}
23:53:12 -     来自: main.py:1607 - stop                            | 调用函数            | __main__.init_interface                  | 参数: {'self': '<__main__.MaYun object at 0x000001DFE404FF70>', 'result': '1'}
23:53:12 -         来自: main.py:1661 - init_interface                  | 调用函数            | __main__.recorder2zero                   | 参数: {'self': '<__main__.MaYun object at 0x000001DFE404FF70>'}
23:53:12 -         来自: main.py:1661 - init_interface                  | 函数返回            | __main__.recorder2zero                   | 返回值: None
23:53:12 -     来自: main.py:1607 - stop                            | 函数返回            | __main__.init_interface                  | 返回值: None
23:53:12 - 来自: main.py:1747 - <module>                        | 函数返回            | __main__.stop                            | 返回值: None
