18:52:06 - 来自: main.py:1745 - <module>                        | 调用函数            | __main__.__init__                        | 参数: {'self': '<__main__.MaYun object at 0x00000158CF05FF70>'}
18:52:06 -     来自: main.py:1559 - __init__                        | 调用函数            | __main__.__init__                        | 参数: {'self': '<__main__.Worker object at 0x00000158D0A45550>'}
18:52:06 -     来自: main.py:1559 - __init__                        | 函数返回            | __main__.__init__                        | 返回值: None
18:52:06 -     来自: main.py:1560 - __init__                        | 调用函数            | __main__.init_info                       | 参数: {'self': '<__main__.MaYun object at 0x00000158CF05FF70>'}
18:52:06 -     来自: main.py:1560 - __init__                        | 函数返回            | __main__.init_info                       | 返回值: None
18:52:06 - 来自: main.py:1745 - <module>                        | 函数返回            | __main__.__init__                        | 返回值: None
18:52:09 - 来自: main.py:1747 - <module>                        | 调用函数            | __main__.auto_game                       | 参数: {'self': '<__main__.MaYun object at 0x00000158CF05FF70>', 'result': 'False'}
18:52:09 - 来自: 未知调用者                                          | 调用函数            | __main__.run                             | 参数: {'self': '<__main__.Worker object at 0x00000158D0A45550>'}
18:52:09 -     来自: main.py:259 - run                              | 调用函数            | __main__.init_datas                      | 参数: {'self': '<__main__.Worker object at 0x00000158D0A45550>'}
18:52:09 - 来自: main.py:1747 - <module>                        | 函数返回            | __main__.auto_game                       | 返回值: None
18:52:09 - 来自: main.py:1747 - <module>                        | 调用函数            | __main__.init_interface                  | 参数: {'self': '<__main__.MaYun object at 0x00000158CF05FF70>', 'result': '1'}
18:52:09 -     来自: main.py:1661 - init_interface                  | 调用函数            | __main__.recorder2zero                   | 参数: {'self': '<__main__.MaYun object at 0x00000158CF05FF70>'}
18:52:09 -     来自: main.py:1661 - init_interface                  | 函数返回            | __main__.recorder2zero                   | 返回值: None
18:52:09 - 来自: main.py:1747 - <module>                        | 函数返回            | __main__.init_interface                  | 返回值: None
18:52:09 - 来自: main.py:1747 - <module>                        | 调用函数            | __main__.write_threshold                 | 参数: {'self': '<__main__.MaYun object at 0x00000158CF05FF70>', 'result': '1'}
18:52:09 - 来自: main.py:1747 - <module>                        | 函数返回            | __main__.write_threshold                 | 返回值: None
18:52:09 -     来自: main.py:259 - run                              | 函数异常            | __main__.init_datas                      | 异常类型: KeyError | 异常信息: 'state' | 堆栈跟踪: Traceback (most recent call last):
  File "c:\Users\User\Desktop\douzero项目汇总\测试用\5.8源码cursor版\log_utils.py", line 128, in wrapper
    result = func(*args, **kwargs)
  File "c:/Users/User/Desktop/douzero项目汇总/测试用/5.8源码cursor版/main.py", line 308, in init_datas
    self.statement = data["state"]
KeyError: 'state'

18:52:09 -     来自: main.py:285 - run                              | 调用函数            | __main__.before_start                    | 参数: {'self': '<__main__.Worker object at 0x00000158D0A45550>'}
18:52:09 -         来自: main.py:707 - before_start                     | 调用函数            | __main__.find_my_cards                   | 参数: {'self': '<__main__.Worker object at 0x00000158D0A45550>'}
18:52:09 -             来自: main.py:333 - cards_info                       | 调用函数            | __main__.cards_filter                    | 参数: {'location': '[(104, 25, 1121, 82), (103, 26, 1121, 82), (104, 26, 1121, 82), (105, 26, 1121, 82), (155, 26, 1121, 82), (103, 27, 1121, 82), (104, 27, 1121, 82), (105, 27, 1121, 82), (154, 27, 1121, 82), (155, 27, 1121, 82), (103, 28, 1121, 82), (104, 28, 1121, 82), (105, 28, 1121, 82), (155, 28, 1121, 82)]', 'distance': '25'}
18:52:09 -             来自: main.py:333 - cards_info                       | 函数返回            | __main__.cards_filter                    | 返回值: (2, [(104, 25, 1121, 82), (155, 26, 1121, 82)])
18:52:09 -             来自: main.py:333 - cards_info                       | 调用函数            | __main__.cards_filter                    | 参数: {'location': '[(107, 27, 1121, 82), (157, 27, 1121, 82), (158, 27, 1121, 82), (106, 28, 1121, 82), (107, 28, 1121, 82), (157, 28, 1121, 82), (158, 28, 1121, 82), (107, 29, 1121, 82), (157, 29, 1121, 82), (158, 29, 1121, 82)]', 'distance': '25'}
18:52:09 -             来自: main.py:333 - cards_info                       | 函数返回            | __main__.cards_filter                    | 返回值: (2, [(107, 27, 1121, 82), (157, 27, 1121, 82)])
18:52:09 -             来自: main.py:333 - cards_info                       | 调用函数            | __main__.cards_filter                    | 参数: {'location': '[(208, 29, 1121, 82), (209, 29, 1121, 82), (208, 30, 1121, 82), (209, 30, 1121, 82), (208, 31, 1121, 82), (209, 31, 1121, 82)]', 'distance': '25'}
18:52:09 -             来自: main.py:333 - cards_info                       | 函数返回            | __main__.cards_filter                    | 返回值: (1, [(208, 29, 1121, 82)])
18:52:09 -             来自: main.py:333 - cards_info                       | 调用函数            | __main__.cards_filter                    | 参数: {'location': '[(259, 30, 1121, 82), (260, 30, 1121, 82)]', 'distance': '25'}
18:52:09 -             来自: main.py:333 - cards_info                       | 函数返回            | __main__.cards_filter                    | 返回值: (1, [(259, 30, 1121, 82)])
18:52:09 -             来自: main.py:333 - cards_info                       | 调用函数            | __main__.cards_filter                    | 参数: {'location': '[(310, 29, 1121, 82), (310, 30, 1121, 82), (311, 30, 1121, 82), (310, 31, 1121, 82)]', 'distance': '25'}
18:52:09 -             来自: main.py:333 - cards_info                       | 函数返回            | __main__.cards_filter                    | 返回值: (1, [(310, 29, 1121, 82)])
18:52:09 -             来自: main.py:333 - cards_info                       | 调用函数            | __main__.cards_filter                    | 参数: {'location': '[(360, 28, 1121, 82), (360, 29, 1121, 82), (359, 30, 1121, 82), (360, 30, 1121, 82), (361, 30, 1121, 82), (359, 31, 1121, 82), (360, 31, 1121, 82), (361, 31, 1121, 82), (360, 32, 1121, 82), (361, 32, 1121, 82), (360, 33, 1121, 82)]', 'distance': '25'}
18:52:09 -             来自: main.py:333 - cards_info                       | 函数返回            | __main__.cards_filter                    | 返回值: (1, [(360, 28, 1121, 82)])
18:52:09 -             来自: main.py:333 - cards_info                       | 调用函数            | __main__.cards_filter                    | 参数: {'location': '[(411, 30, 1121, 82), (412, 30, 1121, 82), (413, 30, 1121, 82), (513, 30, 1121, 82), (411, 31, 1121, 82), (412, 31, 1121, 82), (413, 31, 1121, 82), (462, 31, 1121, 82), (463, 31, 1121, 82), (513, 31, 1121, 82), (514, 31, 1121, 82), (411, 32, 1121, 82), (412, 32, 1121, 82), (413, 32, 1121, 82), (513, 32, 1121, 82)]', 'distance': '25'}
18:52:09 -             来自: main.py:333 - cards_info                       | 函数返回            | __main__.cards_filter                    | 返回值: (3, [(411, 30, 1121, 82), (513, 30, 1121, 82), (462, 31, 1121, 82)])
18:52:09 -             来自: main.py:333 - cards_info                       | 调用函数            | __main__.cards_filter                    | 参数: {'location': '[(562, 30, 1121, 82), (563, 30, 1121, 82), (564, 30, 1121, 82), (562, 31, 1121, 82), (563, 31, 1121, 82), (564, 31, 1121, 82), (613, 31, 1121, 82), (614, 31, 1121, 82), (562, 32, 1121, 82), (563, 32, 1121, 82), (564, 32, 1121, 82)]', 'distance': '25'}
18:52:09 -             来自: main.py:333 - cards_info                       | 函数返回            | __main__.cards_filter                    | 返回值: (2, [(562, 30, 1121, 82), (613, 31, 1121, 82)])
18:52:09 -             来自: main.py:333 - cards_info                       | 调用函数            | __main__.cards_filter                    | 参数: {'location': '[(665, 30, 1121, 82), (715, 30, 1121, 82), (664, 31, 1121, 82), (665, 31, 1121, 82), (714, 31, 1121, 82), (715, 31, 1121, 82), (664, 32, 1121, 82), (715, 32, 1121, 82)]', 'distance': '25'}
18:52:09 -             来自: main.py:333 - cards_info                       | 函数返回            | __main__.cards_filter                    | 返回值: (2, [(665, 30, 1121, 82), (715, 30, 1121, 82)])
18:52:09 -             来自: main.py:333 - cards_info                       | 调用函数            | __main__.cards_filter                    | 参数: {'location': '[(764, 29, 1121, 82), (765, 29, 1121, 82), (766, 29, 1121, 82), (764, 30, 1121, 82), (765, 30, 1121, 82), (766, 30, 1121, 82), (765, 31, 1121, 82), (766, 31, 1121, 82)]', 'distance': '25'}
18:52:09 -             来自: main.py:333 - cards_info                       | 函数返回            | __main__.cards_filter                    | 返回值: (1, [(764, 29, 1121, 82)])
18:52:09 -             来自: main.py:333 - cards_info                       | 调用函数            | __main__.cards_filter                    | 参数: {'location': '[(815, 28, 1121, 82), (816, 28, 1121, 82), (817, 28, 1121, 82), (815, 29, 1121, 82), (816, 29, 1121, 82), (817, 29, 1121, 82), (818, 29, 1121, 82), (815, 30, 1121, 82), (816, 30, 1121, 82), (817, 30, 1121, 82)]', 'distance': '25'}
18:52:09 -             来自: main.py:333 - cards_info                       | 函数返回            | __main__.cards_filter                    | 返回值: (1, [(815, 28, 1121, 82)])
18:52:09 -             来自: main.py:333 - cards_info                       | 调用函数            | __main__.cards_filter                    | 参数: {'location': '[(866, 29, 1121, 82), (867, 29, 1121, 82), (865, 30, 1121, 82), (866, 30, 1121, 82), (867, 30, 1121, 82), (916, 30, 1121, 82), (917, 30, 1121, 82), (865, 31, 1121, 82), (866, 31, 1121, 82), (867, 31, 1121, 82), (916, 31, 1121, 82), (917, 31, 1121, 82), (865, 32, 1121, 82), (866, 32, 1121, 82), (867, 32, 1121, 82), (916, 32, 1121, 82)]', 'distance': '25'}
18:52:09 -             来自: main.py:333 - cards_info                       | 函数返回            | __main__.cards_filter                    | 返回值: (2, [(866, 29, 1121, 82), (916, 30, 1121, 82)])
18:52:09 -         来自: main.py:707 - before_start                     | 函数返回            | __main__.find_my_cards                   | 返回值: XAKJT99988776544
18:52:10 -         来自: main.py:660 - detect_start_btn                 | 调用函数            | __main__.find_pic                        | 参数: {'path': 'continue', 'pos': '(545, 503, 170, 60)', 'click': 'True'}
18:52:10 -         来自: main.py:660 - detect_start_btn                 | 函数返回            | __main__.find_pic                        | 返回值: None
18:52:10 -         来自: main.py:663 - detect_start_btn                 | 调用函数            | __main__.find_pic                        | 参数: {'path': 'reward', 'pos': '(521, 506, 199, 76)', 'click': 'True'}
18:52:10 -         来自: main.py:663 - detect_start_btn                 | 函数返回            | __main__.find_pic                        | 返回值: None
18:52:10 -         来自: main.py:666 - detect_start_btn                 | 调用函数            | __main__.find_pic                        | 参数: {'path': 'start_game', 'pos': '(201, 260, 840, 74)', 'click': 'True'}
18:52:10 -         来自: main.py:666 - detect_start_btn                 | 函数返回            | __main__.find_pic                        | 返回值: None
18:52:10 -         来自: main.py:669 - detect_start_btn                 | 调用函数            | __main__.find_pic                        | 参数: {'path': 'tuoguan', 'pos': '(485, 620, 269, 92)', 'click': 'True'}
18:52:10 -         来自: main.py:669 - detect_start_btn                 | 函数返回            | __main__.find_pic                        | 返回值: None
18:52:10 -         来自: main.py:672 - detect_start_btn                 | 调用函数            | __main__.find_pic                        | 参数: {'path': 'sure', 'pos': '(560, 405, 256, 127)', 'click': 'True'}
18:52:10 -         来自: main.py:672 - detect_start_btn                 | 函数返回            | __main__.find_pic                        | 返回值: None
18:52:10 -         来自: main.py:675 - detect_start_btn                 | 调用函数            | __main__.find_pic                        | 参数: {'path': 'tuijian', 'pos': '(648, 413, 194, 88)', 'click': 'True'}
18:52:10 -         来自: main.py:675 - detect_start_btn                 | 函数返回            | __main__.find_pic                        | 返回值: None
18:52:10 -         来自: main.py:678 - detect_start_btn                 | 调用函数            | __main__.find_pic                        | 参数: {'path': 'good', 'pos': '(385, 532, 194, 78)', 'click': 'True'}
18:52:10 -         来自: main.py:678 - detect_start_btn                 | 函数返回            | __main__.find_pic                        | 返回值: None
18:52:10 -         来自: main.py:681 - detect_start_btn                 | 调用函数            | __main__.find_pic                        | 参数: {'path': 'zhidao', 'pos': '(527, 482, 199, 83)', 'click': 'True'}
18:52:10 -         来自: main.py:681 - detect_start_btn                 | 函数返回            | __main__.find_pic                        | 返回值: None
18:52:10 -         来自: main.py:684 - detect_start_btn                 | 调用函数            | __main__.find_pic                        | 参数: {'path': 'chacha', 'pos': '(920, 57, 266, 204)', 'click': 'True'}
18:52:10 -         来自: main.py:684 - detect_start_btn                 | 函数返回            | __main__.find_pic                        | 返回值: None
18:52:10 -         来自: main.py:687 - detect_start_btn                 | 调用函数            | __main__.find_pic                        | 参数: {'path': 'quick_start', 'pos': '(831, 595, 219, 87)', 'click': 'True'}
18:52:10 -         来自: main.py:687 - detect_start_btn                 | 函数返回            | __main__.find_pic                        | 返回值: None
18:52:10 -         来自: main.py:707 - before_start                     | 调用函数            | __main__.find_my_cards                   | 参数: {'self': '<__main__.Worker object at 0x00000158D0A45550>'}
18:52:10 -             来自: main.py:333 - cards_info                       | 调用函数            | __main__.cards_filter                    | 参数: {'location': '[(104, 25, 1121, 82), (103, 26, 1121, 82), (104, 26, 1121, 82), (105, 26, 1121, 82), (155, 26, 1121, 82), (103, 27, 1121, 82), (104, 27, 1121, 82), (105, 27, 1121, 82), (154, 27, 1121, 82), (155, 27, 1121, 82), (103, 28, 1121, 82), (104, 28, 1121, 82), (105, 28, 1121, 82), (155, 28, 1121, 82)]', 'distance': '25'}
18:52:10 -             来自: main.py:333 - cards_info                       | 函数返回            | __main__.cards_filter                    | 返回值: (2, [(104, 25, 1121, 82), (155, 26, 1121, 82)])
18:52:10 -             来自: main.py:333 - cards_info                       | 调用函数            | __main__.cards_filter                    | 参数: {'location': '[(107, 27, 1121, 82), (157, 27, 1121, 82), (158, 27, 1121, 82), (106, 28, 1121, 82), (107, 28, 1121, 82), (157, 28, 1121, 82), (158, 28, 1121, 82), (107, 29, 1121, 82), (157, 29, 1121, 82), (158, 29, 1121, 82)]', 'distance': '25'}
18:52:10 -             来自: main.py:333 - cards_info                       | 函数返回            | __main__.cards_filter                    | 返回值: (2, [(107, 27, 1121, 82), (157, 27, 1121, 82)])
18:52:10 -             来自: main.py:333 - cards_info                       | 调用函数            | __main__.cards_filter                    | 参数: {'location': '[(208, 29, 1121, 82), (209, 29, 1121, 82), (208, 30, 1121, 82), (209, 30, 1121, 82), (208, 31, 1121, 82), (209, 31, 1121, 82)]', 'distance': '25'}
18:52:10 -             来自: main.py:333 - cards_info                       | 函数返回            | __main__.cards_filter                    | 返回值: (1, [(208, 29, 1121, 82)])
18:52:10 -             来自: main.py:333 - cards_info                       | 调用函数            | __main__.cards_filter                    | 参数: {'location': '[(259, 30, 1121, 82), (260, 30, 1121, 82)]', 'distance': '25'}
18:52:10 -             来自: main.py:333 - cards_info                       | 函数返回            | __main__.cards_filter                    | 返回值: (1, [(259, 30, 1121, 82)])
18:52:10 -             来自: main.py:333 - cards_info                       | 调用函数            | __main__.cards_filter                    | 参数: {'location': '[(310, 29, 1121, 82), (310, 30, 1121, 82), (311, 30, 1121, 82), (310, 31, 1121, 82)]', 'distance': '25'}
18:52:10 -             来自: main.py:333 - cards_info                       | 函数返回            | __main__.cards_filter                    | 返回值: (1, [(310, 29, 1121, 82)])
18:52:10 -             来自: main.py:333 - cards_info                       | 调用函数            | __main__.cards_filter                    | 参数: {'location': '[(360, 28, 1121, 82), (360, 29, 1121, 82), (359, 30, 1121, 82), (360, 30, 1121, 82), (361, 30, 1121, 82), (359, 31, 1121, 82), (360, 31, 1121, 82), (361, 31, 1121, 82), (360, 32, 1121, 82), (361, 32, 1121, 82), (360, 33, 1121, 82)]', 'distance': '25'}
18:52:10 -             来自: main.py:333 - cards_info                       | 函数返回            | __main__.cards_filter                    | 返回值: (1, [(360, 28, 1121, 82)])
18:52:10 -             来自: main.py:333 - cards_info                       | 调用函数            | __main__.cards_filter                    | 参数: {'location': '[(411, 30, 1121, 82), (412, 30, 1121, 82), (413, 30, 1121, 82), (513, 30, 1121, 82), (411, 31, 1121, 82), (412, 31, 1121, 82), (413, 31, 1121, 82), (462, 31, 1121, 82), (463, 31, 1121, 82), (513, 31, 1121, 82), (514, 31, 1121, 82), (411, 32, 1121, 82), (412, 32, 1121, 82), (413, 32, 1121, 82), (513, 32, 1121, 82)]', 'distance': '25'}
18:52:10 -             来自: main.py:333 - cards_info                       | 函数返回            | __main__.cards_filter                    | 返回值: (3, [(411, 30, 1121, 82), (513, 30, 1121, 82), (462, 31, 1121, 82)])
18:52:10 -             来自: main.py:333 - cards_info                       | 调用函数            | __main__.cards_filter                    | 参数: {'location': '[(562, 30, 1121, 82), (563, 30, 1121, 82), (564, 30, 1121, 82), (562, 31, 1121, 82), (563, 31, 1121, 82), (564, 31, 1121, 82), (613, 31, 1121, 82), (614, 31, 1121, 82), (562, 32, 1121, 82), (563, 32, 1121, 82), (564, 32, 1121, 82)]', 'distance': '25'}
18:52:10 -             来自: main.py:333 - cards_info                       | 函数返回            | __main__.cards_filter                    | 返回值: (2, [(562, 30, 1121, 82), (613, 31, 1121, 82)])
18:52:11 -             来自: main.py:333 - cards_info                       | 调用函数            | __main__.cards_filter                    | 参数: {'location': '[(665, 30, 1121, 82), (715, 30, 1121, 82), (664, 31, 1121, 82), (665, 31, 1121, 82), (714, 31, 1121, 82), (715, 31, 1121, 82), (664, 32, 1121, 82), (715, 32, 1121, 82)]', 'distance': '25'}
18:52:11 -             来自: main.py:333 - cards_info                       | 函数返回            | __main__.cards_filter                    | 返回值: (2, [(665, 30, 1121, 82), (715, 30, 1121, 82)])
18:52:11 -             来自: main.py:333 - cards_info                       | 调用函数            | __main__.cards_filter                    | 参数: {'location': '[(764, 29, 1121, 82), (765, 29, 1121, 82), (766, 29, 1121, 82), (764, 30, 1121, 82), (765, 30, 1121, 82), (766, 30, 1121, 82), (765, 31, 1121, 82), (766, 31, 1121, 82)]', 'distance': '25'}
18:52:11 -             来自: main.py:333 - cards_info                       | 函数返回            | __main__.cards_filter                    | 返回值: (1, [(764, 29, 1121, 82)])
18:52:11 -             来自: main.py:333 - cards_info                       | 调用函数            | __main__.cards_filter                    | 参数: {'location': '[(815, 28, 1121, 82), (816, 28, 1121, 82), (817, 28, 1121, 82), (815, 29, 1121, 82), (816, 29, 1121, 82), (817, 29, 1121, 82), (818, 29, 1121, 82), (815, 30, 1121, 82), (816, 30, 1121, 82), (817, 30, 1121, 82)]', 'distance': '25'}
18:52:11 -             来自: main.py:333 - cards_info                       | 函数返回            | __main__.cards_filter                    | 返回值: (1, [(815, 28, 1121, 82)])
18:52:11 -             来自: main.py:333 - cards_info                       | 调用函数            | __main__.cards_filter                    | 参数: {'location': '[(866, 29, 1121, 82), (867, 29, 1121, 82), (865, 30, 1121, 82), (866, 30, 1121, 82), (867, 30, 1121, 82), (916, 30, 1121, 82), (917, 30, 1121, 82), (865, 31, 1121, 82), (866, 31, 1121, 82), (867, 31, 1121, 82), (916, 31, 1121, 82), (917, 31, 1121, 82), (865, 32, 1121, 82), (866, 32, 1121, 82), (867, 32, 1121, 82), (916, 32, 1121, 82)]', 'distance': '25'}
18:52:11 -             来自: main.py:333 - cards_info                       | 函数返回            | __main__.cards_filter                    | 返回值: (2, [(866, 29, 1121, 82), (916, 30, 1121, 82)])
18:52:11 -         来自: main.py:707 - before_start                     | 函数返回            | __main__.find_my_cards                   | 返回值: XAKJT99988776544
18:52:11 -         来自: main.py:660 - detect_start_btn                 | 调用函数            | __main__.find_pic                        | 参数: {'path': 'continue', 'pos': '(545, 503, 170, 60)', 'click': 'True'}
18:52:11 -         来自: main.py:660 - detect_start_btn                 | 函数返回            | __main__.find_pic                        | 返回值: None
18:52:11 -         来自: main.py:663 - detect_start_btn                 | 调用函数            | __main__.find_pic                        | 参数: {'path': 'reward', 'pos': '(521, 506, 199, 76)', 'click': 'True'}
18:52:11 -         来自: main.py:663 - detect_start_btn                 | 函数返回            | __main__.find_pic                        | 返回值: None
18:52:11 -         来自: main.py:666 - detect_start_btn                 | 调用函数            | __main__.find_pic                        | 参数: {'path': 'start_game', 'pos': '(201, 260, 840, 74)', 'click': 'True'}
18:52:11 -         来自: main.py:666 - detect_start_btn                 | 函数返回            | __main__.find_pic                        | 返回值: None
18:52:11 -         来自: main.py:669 - detect_start_btn                 | 调用函数            | __main__.find_pic                        | 参数: {'path': 'tuoguan', 'pos': '(485, 620, 269, 92)', 'click': 'True'}
18:52:11 -         来自: main.py:669 - detect_start_btn                 | 函数返回            | __main__.find_pic                        | 返回值: None
18:52:11 -         来自: main.py:672 - detect_start_btn                 | 调用函数            | __main__.find_pic                        | 参数: {'path': 'sure', 'pos': '(560, 405, 256, 127)', 'click': 'True'}
18:52:11 -         来自: main.py:672 - detect_start_btn                 | 函数返回            | __main__.find_pic                        | 返回值: None
18:52:11 -         来自: main.py:675 - detect_start_btn                 | 调用函数            | __main__.find_pic                        | 参数: {'path': 'tuijian', 'pos': '(648, 413, 194, 88)', 'click': 'True'}
18:52:11 -         来自: main.py:675 - detect_start_btn                 | 函数返回            | __main__.find_pic                        | 返回值: None
18:52:11 -         来自: main.py:678 - detect_start_btn                 | 调用函数            | __main__.find_pic                        | 参数: {'path': 'good', 'pos': '(385, 532, 194, 78)', 'click': 'True'}
18:52:11 -         来自: main.py:678 - detect_start_btn                 | 函数返回            | __main__.find_pic                        | 返回值: None
18:52:11 -         来自: main.py:681 - detect_start_btn                 | 调用函数            | __main__.find_pic                        | 参数: {'path': 'zhidao', 'pos': '(527, 482, 199, 83)', 'click': 'True'}
18:52:11 -         来自: main.py:681 - detect_start_btn                 | 函数返回            | __main__.find_pic                        | 返回值: None
18:52:11 -         来自: main.py:684 - detect_start_btn                 | 调用函数            | __main__.find_pic                        | 参数: {'path': 'chacha', 'pos': '(920, 57, 266, 204)', 'click': 'True'}
18:52:11 -         来自: main.py:684 - detect_start_btn                 | 函数返回            | __main__.find_pic                        | 返回值: None
18:52:11 -         来自: main.py:687 - detect_start_btn                 | 调用函数            | __main__.find_pic                        | 参数: {'path': 'quick_start', 'pos': '(831, 595, 219, 87)', 'click': 'True'}
18:52:12 -         来自: main.py:687 - detect_start_btn                 | 函数返回            | __main__.find_pic                        | 返回值: None
18:52:12 -         来自: main.py:707 - before_start                     | 调用函数            | __main__.find_my_cards                   | 参数: {'self': '<__main__.Worker object at 0x00000158D0A45550>'}
18:52:12 -             来自: main.py:333 - cards_info                       | 调用函数            | __main__.cards_filter                    | 参数: {'location': '[(104, 25, 1121, 82), (103, 26, 1121, 82), (104, 26, 1121, 82), (105, 26, 1121, 82), (155, 26, 1121, 82), (103, 27, 1121, 82), (104, 27, 1121, 82), (105, 27, 1121, 82), (154, 27, 1121, 82), (155, 27, 1121, 82), (103, 28, 1121, 82), (104, 28, 1121, 82), (105, 28, 1121, 82), (155, 28, 1121, 82)]', 'distance': '25'}
18:52:12 -             来自: main.py:333 - cards_info                       | 函数返回            | __main__.cards_filter                    | 返回值: (2, [(104, 25, 1121, 82), (155, 26, 1121, 82)])
18:52:12 -             来自: main.py:333 - cards_info                       | 调用函数            | __main__.cards_filter                    | 参数: {'location': '[(107, 27, 1121, 82), (157, 27, 1121, 82), (158, 27, 1121, 82), (106, 28, 1121, 82), (107, 28, 1121, 82), (157, 28, 1121, 82), (158, 28, 1121, 82), (107, 29, 1121, 82), (157, 29, 1121, 82), (158, 29, 1121, 82)]', 'distance': '25'}
18:52:12 -             来自: main.py:333 - cards_info                       | 函数返回            | __main__.cards_filter                    | 返回值: (2, [(107, 27, 1121, 82), (157, 27, 1121, 82)])
18:52:12 -             来自: main.py:333 - cards_info                       | 调用函数            | __main__.cards_filter                    | 参数: {'location': '[(208, 29, 1121, 82), (209, 29, 1121, 82), (208, 30, 1121, 82), (209, 30, 1121, 82), (208, 31, 1121, 82), (209, 31, 1121, 82)]', 'distance': '25'}
18:52:12 -             来自: main.py:333 - cards_info                       | 函数返回            | __main__.cards_filter                    | 返回值: (1, [(208, 29, 1121, 82)])
18:52:12 -             来自: main.py:333 - cards_info                       | 调用函数            | __main__.cards_filter                    | 参数: {'location': '[(259, 30, 1121, 82), (260, 30, 1121, 82)]', 'distance': '25'}
18:52:12 -             来自: main.py:333 - cards_info                       | 函数返回            | __main__.cards_filter                    | 返回值: (1, [(259, 30, 1121, 82)])
18:52:12 -             来自: main.py:333 - cards_info                       | 调用函数            | __main__.cards_filter                    | 参数: {'location': '[(310, 29, 1121, 82), (310, 30, 1121, 82), (311, 30, 1121, 82), (310, 31, 1121, 82)]', 'distance': '25'}
18:52:12 -             来自: main.py:333 - cards_info                       | 函数返回            | __main__.cards_filter                    | 返回值: (1, [(310, 29, 1121, 82)])
18:52:12 -             来自: main.py:333 - cards_info                       | 调用函数            | __main__.cards_filter                    | 参数: {'location': '[(360, 28, 1121, 82), (360, 29, 1121, 82), (359, 30, 1121, 82), (360, 30, 1121, 82), (361, 30, 1121, 82), (359, 31, 1121, 82), (360, 31, 1121, 82), (361, 31, 1121, 82), (360, 32, 1121, 82), (361, 32, 1121, 82), (360, 33, 1121, 82)]', 'distance': '25'}
18:52:12 -             来自: main.py:333 - cards_info                       | 函数返回            | __main__.cards_filter                    | 返回值: (1, [(360, 28, 1121, 82)])
18:52:12 -             来自: main.py:333 - cards_info                       | 调用函数            | __main__.cards_filter                    | 参数: {'location': '[(411, 30, 1121, 82), (412, 30, 1121, 82), (413, 30, 1121, 82), (513, 30, 1121, 82), (411, 31, 1121, 82), (412, 31, 1121, 82), (413, 31, 1121, 82), (462, 31, 1121, 82), (463, 31, 1121, 82), (513, 31, 1121, 82), (514, 31, 1121, 82), (411, 32, 1121, 82), (412, 32, 1121, 82), (413, 32, 1121, 82), (513, 32, 1121, 82)]', 'distance': '25'}
18:52:12 -             来自: main.py:333 - cards_info                       | 函数返回            | __main__.cards_filter                    | 返回值: (3, [(411, 30, 1121, 82), (513, 30, 1121, 82), (462, 31, 1121, 82)])
18:52:12 -             来自: main.py:333 - cards_info                       | 调用函数            | __main__.cards_filter                    | 参数: {'location': '[(562, 30, 1121, 82), (563, 30, 1121, 82), (564, 30, 1121, 82), (562, 31, 1121, 82), (563, 31, 1121, 82), (564, 31, 1121, 82), (613, 31, 1121, 82), (614, 31, 1121, 82), (562, 32, 1121, 82), (563, 32, 1121, 82), (564, 32, 1121, 82)]', 'distance': '25'}
18:52:12 -             来自: main.py:333 - cards_info                       | 函数返回            | __main__.cards_filter                    | 返回值: (2, [(562, 30, 1121, 82), (613, 31, 1121, 82)])
18:52:12 -             来自: main.py:333 - cards_info                       | 调用函数            | __main__.cards_filter                    | 参数: {'location': '[(665, 30, 1121, 82), (715, 30, 1121, 82), (664, 31, 1121, 82), (665, 31, 1121, 82), (714, 31, 1121, 82), (715, 31, 1121, 82), (664, 32, 1121, 82), (715, 32, 1121, 82)]', 'distance': '25'}
18:52:12 -             来自: main.py:333 - cards_info                       | 函数返回            | __main__.cards_filter                    | 返回值: (2, [(665, 30, 1121, 82), (715, 30, 1121, 82)])
18:52:12 -             来自: main.py:333 - cards_info                       | 调用函数            | __main__.cards_filter                    | 参数: {'location': '[(764, 29, 1121, 82), (765, 29, 1121, 82), (766, 29, 1121, 82), (764, 30, 1121, 82), (765, 30, 1121, 82), (766, 30, 1121, 82), (765, 31, 1121, 82), (766, 31, 1121, 82)]', 'distance': '25'}
18:52:12 -             来自: main.py:333 - cards_info                       | 函数返回            | __main__.cards_filter                    | 返回值: (1, [(764, 29, 1121, 82)])
18:52:12 -             来自: main.py:333 - cards_info                       | 调用函数            | __main__.cards_filter                    | 参数: {'location': '[(815, 28, 1121, 82), (816, 28, 1121, 82), (817, 28, 1121, 82), (815, 29, 1121, 82), (816, 29, 1121, 82), (817, 29, 1121, 82), (818, 29, 1121, 82), (815, 30, 1121, 82), (816, 30, 1121, 82), (817, 30, 1121, 82)]', 'distance': '25'}
18:52:12 -             来自: main.py:333 - cards_info                       | 函数返回            | __main__.cards_filter                    | 返回值: (1, [(815, 28, 1121, 82)])
18:52:12 -             来自: main.py:333 - cards_info                       | 调用函数            | __main__.cards_filter                    | 参数: {'location': '[(866, 29, 1121, 82), (867, 29, 1121, 82), (865, 30, 1121, 82), (866, 30, 1121, 82), (867, 30, 1121, 82), (916, 30, 1121, 82), (917, 30, 1121, 82), (865, 31, 1121, 82), (866, 31, 1121, 82), (867, 31, 1121, 82), (916, 31, 1121, 82), (917, 31, 1121, 82), (865, 32, 1121, 82), (866, 32, 1121, 82), (867, 32, 1121, 82), (916, 32, 1121, 82)]', 'distance': '25'}
18:52:12 -             来自: main.py:333 - cards_info                       | 函数返回            | __main__.cards_filter                    | 返回值: (2, [(866, 29, 1121, 82), (916, 30, 1121, 82)])
18:52:12 -         来自: main.py:707 - before_start                     | 函数返回            | __main__.find_my_cards                   | 返回值: XAKJT99988776544
18:52:12 -         来自: main.py:660 - detect_start_btn                 | 调用函数            | __main__.find_pic                        | 参数: {'path': 'continue', 'pos': '(545, 503, 170, 60)', 'click': 'True'}
18:52:12 -         来自: main.py:660 - detect_start_btn                 | 函数返回            | __main__.find_pic                        | 返回值: None
18:52:12 -         来自: main.py:663 - detect_start_btn                 | 调用函数            | __main__.find_pic                        | 参数: {'path': 'reward', 'pos': '(521, 506, 199, 76)', 'click': 'True'}
18:52:12 -         来自: main.py:663 - detect_start_btn                 | 函数返回            | __main__.find_pic                        | 返回值: None
18:52:12 -         来自: main.py:666 - detect_start_btn                 | 调用函数            | __main__.find_pic                        | 参数: {'path': 'start_game', 'pos': '(201, 260, 840, 74)', 'click': 'True'}
18:52:12 -         来自: main.py:666 - detect_start_btn                 | 函数返回            | __main__.find_pic                        | 返回值: None
18:52:12 -         来自: main.py:669 - detect_start_btn                 | 调用函数            | __main__.find_pic                        | 参数: {'path': 'tuoguan', 'pos': '(485, 620, 269, 92)', 'click': 'True'}
18:52:12 -         来自: main.py:669 - detect_start_btn                 | 函数返回            | __main__.find_pic                        | 返回值: None
18:52:12 -         来自: main.py:672 - detect_start_btn                 | 调用函数            | __main__.find_pic                        | 参数: {'path': 'sure', 'pos': '(560, 405, 256, 127)', 'click': 'True'}
18:52:12 -         来自: main.py:672 - detect_start_btn                 | 函数返回            | __main__.find_pic                        | 返回值: None
18:52:12 -         来自: main.py:675 - detect_start_btn                 | 调用函数            | __main__.find_pic                        | 参数: {'path': 'tuijian', 'pos': '(648, 413, 194, 88)', 'click': 'True'}
18:52:12 -         来自: main.py:675 - detect_start_btn                 | 函数返回            | __main__.find_pic                        | 返回值: None
18:52:12 -         来自: main.py:678 - detect_start_btn                 | 调用函数            | __main__.find_pic                        | 参数: {'path': 'good', 'pos': '(385, 532, 194, 78)', 'click': 'True'}
18:52:13 -         来自: main.py:678 - detect_start_btn                 | 函数返回            | __main__.find_pic                        | 返回值: None
18:52:13 -         来自: main.py:681 - detect_start_btn                 | 调用函数            | __main__.find_pic                        | 参数: {'path': 'zhidao', 'pos': '(527, 482, 199, 83)', 'click': 'True'}
18:52:13 -         来自: main.py:681 - detect_start_btn                 | 函数返回            | __main__.find_pic                        | 返回值: None
18:52:13 -         来自: main.py:684 - detect_start_btn                 | 调用函数            | __main__.find_pic                        | 参数: {'path': 'chacha', 'pos': '(920, 57, 266, 204)', 'click': 'True'}
18:52:13 -         来自: main.py:684 - detect_start_btn                 | 函数返回            | __main__.find_pic                        | 返回值: None
18:52:13 -         来自: main.py:687 - detect_start_btn                 | 调用函数            | __main__.find_pic                        | 参数: {'path': 'quick_start', 'pos': '(831, 595, 219, 87)', 'click': 'True'}
18:52:13 -         来自: main.py:687 - detect_start_btn                 | 函数返回            | __main__.find_pic                        | 返回值: None
18:52:13 -         来自: main.py:707 - before_start                     | 调用函数            | __main__.find_my_cards                   | 参数: {'self': '<__main__.Worker object at 0x00000158D0A45550>'}
18:52:13 -             来自: main.py:333 - cards_info                       | 调用函数            | __main__.cards_filter                    | 参数: {'location': '[(104, 25, 1121, 82), (103, 26, 1121, 82), (104, 26, 1121, 82), (105, 26, 1121, 82), (155, 26, 1121, 82), (103, 27, 1121, 82), (104, 27, 1121, 82), (105, 27, 1121, 82), (154, 27, 1121, 82), (155, 27, 1121, 82), (103, 28, 1121, 82), (104, 28, 1121, 82), (105, 28, 1121, 82), (155, 28, 1121, 82)]', 'distance': '25'}
18:52:13 -             来自: main.py:333 - cards_info                       | 函数返回            | __main__.cards_filter                    | 返回值: (2, [(104, 25, 1121, 82), (155, 26, 1121, 82)])
18:52:13 -             来自: main.py:333 - cards_info                       | 调用函数            | __main__.cards_filter                    | 参数: {'location': '[(107, 27, 1121, 82), (157, 27, 1121, 82), (158, 27, 1121, 82), (106, 28, 1121, 82), (107, 28, 1121, 82), (157, 28, 1121, 82), (158, 28, 1121, 82), (107, 29, 1121, 82), (157, 29, 1121, 82), (158, 29, 1121, 82)]', 'distance': '25'}
18:52:13 -             来自: main.py:333 - cards_info                       | 函数返回            | __main__.cards_filter                    | 返回值: (2, [(107, 27, 1121, 82), (157, 27, 1121, 82)])
18:52:13 - 来自: main.py:1747 - <module>                        | 调用函数            | __main__.stop                            | 参数: {'self': '<__main__.MaYun object at 0x00000158CF05FF70>', 'result': 'False'}
18:52:13 -     来自: main.py:1607 - stop                            | 调用函数            | __main__.init_interface                  | 参数: {'self': '<__main__.MaYun object at 0x00000158CF05FF70>', 'result': '1'}
18:52:13 -         来自: main.py:1661 - init_interface                  | 调用函数            | __main__.recorder2zero                   | 参数: {'self': '<__main__.MaYun object at 0x00000158CF05FF70>'}
18:52:13 -         来自: main.py:1661 - init_interface                  | 函数返回            | __main__.recorder2zero                   | 返回值: None
18:52:13 -     来自: main.py:1607 - stop                            | 函数返回            | __main__.init_interface                  | 返回值: None
18:52:13 - 来自: main.py:1747 - <module>                        | 函数返回            | __main__.stop                            | 返回值: None
