2025-04-08 16:12:36,304 - PngImagePlugin.py:197 - call - STREAM b'IHDR' 16 13
2025-04-08 16:12:36,305 - PngImagePlugin.py:197 - call - STREAM b'IDAT' 41 6833
2025-04-08 16:12:36,313 - PngImagePlugin.py:197 - call - STREAM b'IHDR' 16 13
2025-04-08 16:12:36,313 - PngImagePlugin.py:197 - call - STREAM b'IDAT' 41 3474
2025-04-08 16:12:36,314 - PngImagePlugin.py:197 - call - STREAM b'IHDR' 16 13
2025-04-08 16:12:36,314 - PngImagePlugin.py:197 - call - STREAM b'IDAT' 41 5639
2025-04-08 16:12:36,316 - PngImagePlugin.py:197 - call - STREAM b'IHDR' 16 13
2025-04-08 16:12:36,316 - PngImagePlugin.py:197 - call - STREAM b'IDAT' 41 3681
2025-04-08 16:12:36,317 - PngImagePlugin.py:197 - call - STREAM b'IHDR' 16 13
2025-04-08 16:12:36,318 - PngImagePlugin.py:197 - call - STREAM b'IDAT' 41 3840
2025-04-08 16:12:36,319 - PngImagePlugin.py:197 - call - STREAM b'IHDR' 16 13
2025-04-08 16:12:36,319 - PngImagePlugin.py:197 - call - STREAM b'IDAT' 41 1193
2025-04-08 16:12:36,320 - PngImagePlugin.py:197 - call - STREAM b'IHDR' 16 13
2025-04-08 16:12:36,320 - PngImagePlugin.py:197 - call - STREAM b'IDAT' 41 1210
2025-04-08 16:12:36,321 - PngImagePlugin.py:197 - call - STREAM b'IHDR' 16 13
2025-04-08 16:12:36,321 - PngImagePlugin.py:197 - call - STREAM b'IDAT' 41 991
2025-04-08 16:12:36,322 - PngImagePlugin.py:197 - call - STREAM b'IHDR' 16 13
2025-04-08 16:12:36,323 - PngImagePlugin.py:197 - call - STREAM b'IDAT' 41 1050
2025-04-08 16:12:36,323 - PngImagePlugin.py:197 - call - STREAM b'IHDR' 16 13
2025-04-08 16:12:36,323 - PngImagePlugin.py:197 - call - STREAM b'IDAT' 41 1266
2025-04-08 16:12:36,324 - PngImagePlugin.py:197 - call - STREAM b'IHDR' 16 13
2025-04-08 16:12:36,325 - PngImagePlugin.py:197 - call - STREAM b'IDAT' 41 971
2025-04-08 16:12:36,326 - PngImagePlugin.py:197 - call - STREAM b'IHDR' 16 13
2025-04-08 16:12:36,326 - PngImagePlugin.py:197 - call - STREAM b'IDAT' 41 1270
2025-04-08 16:12:36,327 - PngImagePlugin.py:197 - call - STREAM b'IHDR' 16 13
2025-04-08 16:12:36,327 - PngImagePlugin.py:197 - call - STREAM b'IDAT' 41 1128
2025-04-08 16:12:36,328 - PngImagePlugin.py:197 - call - STREAM b'IHDR' 16 13
2025-04-08 16:12:36,328 - PngImagePlugin.py:197 - call - STREAM b'IDAT' 41 1090
2025-04-08 16:12:36,329 - PngImagePlugin.py:197 - call - STREAM b'IHDR' 16 13
2025-04-08 16:12:36,329 - PngImagePlugin.py:197 - call - STREAM b'IDAT' 41 435
2025-04-08 16:12:36,330 - PngImagePlugin.py:197 - call - STREAM b'IHDR' 16 13
2025-04-08 16:12:36,330 - PngImagePlugin.py:197 - call - STREAM b'IDAT' 41 1014
2025-04-08 16:12:36,331 - PngImagePlugin.py:197 - call - STREAM b'IHDR' 16 13
2025-04-08 16:12:36,331 - PngImagePlugin.py:197 - call - STREAM b'IDAT' 41 8090
2025-04-08 16:12:36,333 - PngImagePlugin.py:197 - call - STREAM b'IHDR' 16 13
2025-04-08 16:12:36,333 - PngImagePlugin.py:197 - call - STREAM b'IDAT' 41 845
2025-04-08 16:12:36,335 - PngImagePlugin.py:197 - call - STREAM b'IHDR' 16 13
2025-04-08 16:12:36,335 - PngImagePlugin.py:197 - call - STREAM b'IDAT' 41 1292
2025-04-08 16:12:36,336 - PngImagePlugin.py:197 - call - STREAM b'IHDR' 16 13
2025-04-08 16:12:36,336 - PngImagePlugin.py:197 - call - STREAM b'IDAT' 41 6566
2025-04-08 16:12:36,337 - PngImagePlugin.py:197 - call - STREAM b'IHDR' 16 13
2025-04-08 16:12:36,337 - PngImagePlugin.py:197 - call - STREAM b'IDAT' 41 1315
2025-04-08 16:12:36,338 - PngImagePlugin.py:197 - call - STREAM b'IHDR' 16 13
2025-04-08 16:12:36,339 - PngImagePlugin.py:197 - call - STREAM b'IDAT' 41 1659
2025-04-08 16:12:36,339 - PngImagePlugin.py:197 - call - STREAM b'IHDR' 16 13
2025-04-08 16:12:36,339 - PngImagePlugin.py:197 - call - STREAM b'IDAT' 41 457
2025-04-08 16:12:36,340 - PngImagePlugin.py:197 - call - STREAM b'IHDR' 16 13
2025-04-08 16:12:36,340 - PngImagePlugin.py:197 - call - STREAM b'IDAT' 41 3300
2025-04-08 16:12:36,341 - PngImagePlugin.py:197 - call - STREAM b'IHDR' 16 13
2025-04-08 16:12:36,341 - PngImagePlugin.py:197 - call - STREAM b'IDAT' 41 5756
2025-04-08 16:12:36,343 - PngImagePlugin.py:197 - call - STREAM b'IHDR' 16 13
2025-04-08 16:12:36,343 - PngImagePlugin.py:197 - call - STREAM b'IDAT' 41 5450
2025-04-08 16:12:36,344 - PngImagePlugin.py:197 - call - STREAM b'IHDR' 16 13
2025-04-08 16:12:36,345 - PngImagePlugin.py:197 - call - STREAM b'IDAT' 41 1475
2025-04-08 16:12:36,346 - PngImagePlugin.py:197 - call - STREAM b'IHDR' 16 13
2025-04-08 16:12:36,346 - PngImagePlugin.py:197 - call - STREAM b'IDAT' 41 1644
2025-04-08 16:12:36,348 - PngImagePlugin.py:197 - call - STREAM b'IHDR' 16 13
2025-04-08 16:12:36,348 - PngImagePlugin.py:197 - call - STREAM b'IDAT' 41 1361
2025-04-08 16:12:36,349 - PngImagePlugin.py:197 - call - STREAM b'IHDR' 16 13
2025-04-08 16:12:36,349 - PngImagePlugin.py:197 - call - STREAM b'IDAT' 41 1510
2025-04-08 16:12:36,350 - PngImagePlugin.py:197 - call - STREAM b'IHDR' 16 13
2025-04-08 16:12:36,350 - PngImagePlugin.py:197 - call - STREAM b'IDAT' 41 1647
2025-04-08 16:12:36,352 - PngImagePlugin.py:197 - call - STREAM b'IHDR' 16 13
2025-04-08 16:12:36,352 - PngImagePlugin.py:197 - call - STREAM b'IDAT' 41 1251
2025-04-08 16:12:36,353 - PngImagePlugin.py:197 - call - STREAM b'IHDR' 16 13
2025-04-08 16:12:36,353 - PngImagePlugin.py:197 - call - STREAM b'IDAT' 41 1963
2025-04-08 16:12:36,354 - PngImagePlugin.py:197 - call - STREAM b'IHDR' 16 13
2025-04-08 16:12:36,354 - PngImagePlugin.py:197 - call - STREAM b'IDAT' 41 1822
2025-04-08 16:12:36,355 - PngImagePlugin.py:197 - call - STREAM b'IHDR' 16 13
2025-04-08 16:12:36,355 - PngImagePlugin.py:197 - call - STREAM b'IDAT' 41 1750
2025-04-08 16:12:36,357 - PngImagePlugin.py:197 - call - STREAM b'IHDR' 16 13
2025-04-08 16:12:36,357 - PngImagePlugin.py:197 - call - STREAM b'IDAT' 41 831
2025-04-08 16:12:36,358 - PngImagePlugin.py:197 - call - STREAM b'IHDR' 16 13
2025-04-08 16:12:36,358 - PngImagePlugin.py:197 - call - STREAM b'IDAT' 41 4683
2025-04-08 16:12:36,359 - PngImagePlugin.py:197 - call - STREAM b'IHDR' 16 13
2025-04-08 16:12:36,359 - PngImagePlugin.py:197 - call - STREAM b'IDAT' 41 4205
2025-04-08 16:12:36,360 - PngImagePlugin.py:197 - call - STREAM b'IHDR' 16 13
2025-04-08 16:12:36,360 - PngImagePlugin.py:197 - call - STREAM b'IDAT' 41 1172
2025-04-08 16:12:36,361 - PngImagePlugin.py:197 - call - STREAM b'IHDR' 16 13
2025-04-08 16:12:36,361 - PngImagePlugin.py:197 - call - STREAM b'IDAT' 41 1697
2025-04-08 16:12:36,363 - PngImagePlugin.py:197 - call - STREAM b'IHDR' 16 13
2025-04-08 16:12:36,363 - PngImagePlugin.py:197 - call - STREAM b'IDAT' 41 1945
2025-04-08 16:12:36,364 - PngImagePlugin.py:197 - call - STREAM b'IHDR' 16 13
2025-04-08 16:12:36,364 - PngImagePlugin.py:197 - call - STREAM b'IDAT' 41 2233
2025-04-08 16:12:36,365 - PngImagePlugin.py:197 - call - STREAM b'IHDR' 16 13
2025-04-08 16:12:36,365 - PngImagePlugin.py:197 - call - STREAM b'IDAT' 41 831
2025-04-08 16:12:36,366 - PngImagePlugin.py:197 - call - STREAM b'IHDR' 16 13
2025-04-08 16:12:36,366 - PngImagePlugin.py:197 - call - STREAM b'IDAT' 41 1347
2025-04-08 16:12:36,367 - PngImagePlugin.py:197 - call - STREAM b'IHDR' 16 13
2025-04-08 16:12:36,367 - PngImagePlugin.py:197 - call - STREAM b'IDAT' 41 1362
2025-04-08 16:12:36,368 - PngImagePlugin.py:197 - call - STREAM b'IHDR' 16 13
2025-04-08 16:12:36,368 - PngImagePlugin.py:197 - call - STREAM b'IDAT' 41 1164
2025-04-08 16:12:36,369 - PngImagePlugin.py:197 - call - STREAM b'IHDR' 16 13
2025-04-08 16:12:36,369 - PngImagePlugin.py:197 - call - STREAM b'IDAT' 41 1260
2025-04-08 16:12:36,370 - PngImagePlugin.py:197 - call - STREAM b'IHDR' 16 13
2025-04-08 16:12:36,371 - PngImagePlugin.py:197 - call - STREAM b'IDAT' 41 1455
2025-04-08 16:12:36,372 - PngImagePlugin.py:197 - call - STREAM b'IHDR' 16 13
2025-04-08 16:12:36,372 - PngImagePlugin.py:197 - call - STREAM b'IDAT' 41 1014
2025-04-08 16:12:36,373 - PngImagePlugin.py:197 - call - STREAM b'IHDR' 16 13
2025-04-08 16:12:36,373 - PngImagePlugin.py:197 - call - STREAM b'IDAT' 41 1434
2025-04-08 16:12:36,374 - PngImagePlugin.py:197 - call - STREAM b'IHDR' 16 13
2025-04-08 16:12:36,374 - PngImagePlugin.py:197 - call - STREAM b'IDAT' 41 1457
2025-04-08 16:12:36,375 - PngImagePlugin.py:197 - call - STREAM b'IHDR' 16 13
2025-04-08 16:12:36,375 - PngImagePlugin.py:197 - call - STREAM b'IDAT' 41 1438
2025-04-08 16:12:36,376 - PngImagePlugin.py:197 - call - STREAM b'IHDR' 16 13
2025-04-08 16:12:36,376 - PngImagePlugin.py:197 - call - STREAM b'IDAT' 41 458
2025-04-08 16:12:36,377 - PngImagePlugin.py:197 - call - STREAM b'IHDR' 16 13
2025-04-08 16:12:36,378 - PngImagePlugin.py:197 - call - STREAM b'IDAT' 41 1073
2025-04-08 16:12:36,379 - PngImagePlugin.py:197 - call - STREAM b'IHDR' 16 13
2025-04-08 16:12:36,379 - PngImagePlugin.py:197 - call - STREAM b'IDAT' 41 1650
2025-04-08 16:12:36,380 - PngImagePlugin.py:197 - call - STREAM b'IHDR' 16 13
2025-04-08 16:12:36,380 - PngImagePlugin.py:197 - call - STREAM b'IDAT' 41 1682
2025-04-08 16:12:36,382 - PngImagePlugin.py:197 - call - STREAM b'IHDR' 16 13
2025-04-08 16:12:36,382 - PngImagePlugin.py:197 - call - STREAM b'IDAT' 41 1927
2025-04-08 16:12:36,383 - PngImagePlugin.py:197 - call - STREAM b'IHDR' 16 13
2025-04-08 16:12:36,383 - PngImagePlugin.py:197 - call - STREAM b'IDAT' 41 962
2025-04-08 16:12:36,383 - PngImagePlugin.py:197 - call - STREAM b'IHDR' 16 13
2025-04-08 16:12:36,383 - PngImagePlugin.py:197 - call - STREAM b'IDAT' 41 458
2025-04-08 16:12:36,385 - PngImagePlugin.py:197 - call - STREAM b'IHDR' 16 13
2025-04-08 16:12:36,385 - PngImagePlugin.py:197 - call - STREAM b'IDAT' 41 4127
2025-04-08 16:12:36,386 - PngImagePlugin.py:197 - call - STREAM b'IHDR' 16 13
2025-04-08 16:12:36,387 - PngImagePlugin.py:197 - call - STREAM b'IDAT' 41 5228
2025-04-08 16:12:36,388 - PngImagePlugin.py:197 - call - STREAM b'IHDR' 16 13
2025-04-08 16:12:36,388 - PngImagePlugin.py:197 - call - STREAM b'IDAT' 41 6516
2025-04-08 16:12:36,389 - PngImagePlugin.py:197 - call - STREAM b'IHDR' 16 13
2025-04-08 16:12:36,389 - PngImagePlugin.py:197 - call - STREAM b'IDAT' 41 6511
2025-04-08 16:12:36,391 - PngImagePlugin.py:197 - call - STREAM b'IHDR' 16 13
2025-04-08 16:12:36,391 - PngImagePlugin.py:197 - call - STREAM b'IDAT' 41 8126
2025-04-08 16:12:36,392 - PngImagePlugin.py:197 - call - STREAM b'IHDR' 16 13
2025-04-08 16:12:36,392 - PngImagePlugin.py:197 - call - STREAM b'IDAT' 41 2757
2025-04-08 16:12:36,394 - PngImagePlugin.py:197 - call - STREAM b'IHDR' 16 13
2025-04-08 16:12:36,394 - PngImagePlugin.py:197 - call - STREAM b'IDAT' 41 3690
2025-04-08 16:12:36,396 - PngImagePlugin.py:197 - call - STREAM b'IHDR' 16 13
2025-04-08 16:12:36,396 - PngImagePlugin.py:197 - call - STREAM b'IDAT' 41 5215
2025-04-08 16:12:36,397 - PngImagePlugin.py:197 - call - STREAM b'IHDR' 16 13
2025-04-08 16:12:36,397 - PngImagePlugin.py:197 - call - STREAM b'IDAT' 41 5410
2025-04-08 16:12:36,398 - PngImagePlugin.py:197 - call - STREAM b'IHDR' 16 13
2025-04-08 16:12:36,398 - PngImagePlugin.py:197 - call - STREAM b'IDAT' 41 400
2025-04-08 16:12:36,399 - PngImagePlugin.py:197 - call - STREAM b'IHDR' 16 13
2025-04-08 16:12:36,399 - PngImagePlugin.py:197 - call - STREAM b'IDAT' 41 423
2025-04-08 16:12:36,400 - PngImagePlugin.py:197 - call - STREAM b'IHDR' 16 13
2025-04-08 16:12:36,400 - PngImagePlugin.py:197 - call - STREAM b'IDAT' 41 5119
2025-04-08 16:12:36,402 - PngImagePlugin.py:197 - call - STREAM b'IHDR' 16 13
2025-04-08 16:12:36,402 - PngImagePlugin.py:197 - call - STREAM b'IDAT' 41 4626
2025-04-08 16:12:36,458 - log_utils.py:44 - wrapper - 调用函数: __main__.__init__ | 来自: main.py:1234 - <module> | 参数: {'self': <__main__.MaYun object at 0x000001E37C50F0D0>}
2025-04-08 16:12:36,963 - log_utils.py:44 - wrapper - 调用函数: __main__.__init__ | 来自: main.py:1048 - __init__ | 参数: {'self': <__main__.Worker object at 0x000001E37DFEC670>}
2025-04-08 16:12:37,050 - log_utils.py:53 - wrapper - 函数返回: __main__.__init__ | 返回值: None
2025-04-08 16:12:37,050 - log_utils.py:44 - wrapper - 调用函数: __main__.init_info | 来自: main.py:1049 - __init__ | 参数: {'self': <__main__.MaYun object at 0x000001E37C50F0D0>}
2025-04-08 16:12:37,051 - PngImagePlugin.py:197 - call - STREAM b'IHDR' 16 13
2025-04-08 16:12:37,052 - PngImagePlugin.py:197 - call - STREAM b'IDAT' 41 6833
2025-04-08 16:12:37,052 - PngImagePlugin.py:197 - call - STREAM b'IHDR' 16 13
2025-04-08 16:12:37,052 - PngImagePlugin.py:197 - call - STREAM b'IDAT' 41 3474
2025-04-08 16:12:37,053 - PngImagePlugin.py:197 - call - STREAM b'IHDR' 16 13
2025-04-08 16:12:37,053 - PngImagePlugin.py:197 - call - STREAM b'IDAT' 41 5639
2025-04-08 16:12:37,054 - PngImagePlugin.py:197 - call - STREAM b'IHDR' 16 13
2025-04-08 16:12:37,054 - PngImagePlugin.py:197 - call - STREAM b'IDAT' 41 3681
2025-04-08 16:12:37,055 - PngImagePlugin.py:197 - call - STREAM b'IHDR' 16 13
2025-04-08 16:12:37,055 - PngImagePlugin.py:197 - call - STREAM b'IDAT' 41 3840
2025-04-08 16:12:37,056 - PngImagePlugin.py:197 - call - STREAM b'IHDR' 16 13
2025-04-08 16:12:37,056 - PngImagePlugin.py:197 - call - STREAM b'IDAT' 41 1193
2025-04-08 16:12:37,056 - PngImagePlugin.py:197 - call - STREAM b'IHDR' 16 13
2025-04-08 16:12:37,056 - PngImagePlugin.py:197 - call - STREAM b'IDAT' 41 1210
2025-04-08 16:12:37,057 - PngImagePlugin.py:197 - call - STREAM b'IHDR' 16 13
2025-04-08 16:12:37,057 - PngImagePlugin.py:197 - call - STREAM b'IDAT' 41 991
2025-04-08 16:12:37,058 - PngImagePlugin.py:197 - call - STREAM b'IHDR' 16 13
2025-04-08 16:12:37,058 - PngImagePlugin.py:197 - call - STREAM b'IDAT' 41 1050
2025-04-08 16:12:37,059 - PngImagePlugin.py:197 - call - STREAM b'IHDR' 16 13
2025-04-08 16:12:37,059 - PngImagePlugin.py:197 - call - STREAM b'IDAT' 41 1266
2025-04-08 16:12:37,060 - PngImagePlugin.py:197 - call - STREAM b'IHDR' 16 13
2025-04-08 16:12:37,060 - PngImagePlugin.py:197 - call - STREAM b'IDAT' 41 971
2025-04-08 16:12:37,061 - PngImagePlugin.py:197 - call - STREAM b'IHDR' 16 13
2025-04-08 16:12:37,061 - PngImagePlugin.py:197 - call - STREAM b'IDAT' 41 1270
2025-04-08 16:12:37,062 - PngImagePlugin.py:197 - call - STREAM b'IHDR' 16 13
2025-04-08 16:12:37,062 - PngImagePlugin.py:197 - call - STREAM b'IDAT' 41 1128
2025-04-08 16:12:37,063 - PngImagePlugin.py:197 - call - STREAM b'IHDR' 16 13
2025-04-08 16:12:37,063 - PngImagePlugin.py:197 - call - STREAM b'IDAT' 41 1090
2025-04-08 16:12:37,064 - PngImagePlugin.py:197 - call - STREAM b'IHDR' 16 13
2025-04-08 16:12:37,064 - PngImagePlugin.py:197 - call - STREAM b'IDAT' 41 435
2025-04-08 16:12:37,065 - PngImagePlugin.py:197 - call - STREAM b'IHDR' 16 13
2025-04-08 16:12:37,065 - PngImagePlugin.py:197 - call - STREAM b'IDAT' 41 1014
2025-04-08 16:12:37,066 - PngImagePlugin.py:197 - call - STREAM b'IHDR' 16 13
2025-04-08 16:12:37,066 - PngImagePlugin.py:197 - call - STREAM b'IDAT' 41 8090
2025-04-08 16:12:37,067 - PngImagePlugin.py:197 - call - STREAM b'IHDR' 16 13
2025-04-08 16:12:37,067 - PngImagePlugin.py:197 - call - STREAM b'IDAT' 41 845
2025-04-08 16:12:37,068 - PngImagePlugin.py:197 - call - STREAM b'IHDR' 16 13
2025-04-08 16:12:37,068 - PngImagePlugin.py:197 - call - STREAM b'IDAT' 41 1292
2025-04-08 16:12:37,069 - PngImagePlugin.py:197 - call - STREAM b'IHDR' 16 13
2025-04-08 16:12:37,069 - PngImagePlugin.py:197 - call - STREAM b'IDAT' 41 6566
2025-04-08 16:12:37,070 - PngImagePlugin.py:197 - call - STREAM b'IHDR' 16 13
2025-04-08 16:12:37,070 - PngImagePlugin.py:197 - call - STREAM b'IDAT' 41 1315
2025-04-08 16:12:37,071 - PngImagePlugin.py:197 - call - STREAM b'IHDR' 16 13
2025-04-08 16:12:37,071 - PngImagePlugin.py:197 - call - STREAM b'IDAT' 41 1659
2025-04-08 16:12:37,072 - PngImagePlugin.py:197 - call - STREAM b'IHDR' 16 13
2025-04-08 16:12:37,072 - PngImagePlugin.py:197 - call - STREAM b'IDAT' 41 457
2025-04-08 16:12:37,073 - PngImagePlugin.py:197 - call - STREAM b'IHDR' 16 13
2025-04-08 16:12:37,073 - PngImagePlugin.py:197 - call - STREAM b'IDAT' 41 3300
2025-04-08 16:12:37,074 - PngImagePlugin.py:197 - call - STREAM b'IHDR' 16 13
2025-04-08 16:12:37,074 - PngImagePlugin.py:197 - call - STREAM b'IDAT' 41 5756
2025-04-08 16:12:37,075 - PngImagePlugin.py:197 - call - STREAM b'IHDR' 16 13
2025-04-08 16:12:37,075 - PngImagePlugin.py:197 - call - STREAM b'IDAT' 41 5450
2025-04-08 16:12:37,076 - PngImagePlugin.py:197 - call - STREAM b'IHDR' 16 13
2025-04-08 16:12:37,077 - PngImagePlugin.py:197 - call - STREAM b'IDAT' 41 1475
2025-04-08 16:12:37,078 - PngImagePlugin.py:197 - call - STREAM b'IHDR' 16 13
2025-04-08 16:12:37,078 - PngImagePlugin.py:197 - call - STREAM b'IDAT' 41 1644
2025-04-08 16:12:37,079 - PngImagePlugin.py:197 - call - STREAM b'IHDR' 16 13
2025-04-08 16:12:37,079 - PngImagePlugin.py:197 - call - STREAM b'IDAT' 41 1361
2025-04-08 16:12:37,080 - PngImagePlugin.py:197 - call - STREAM b'IHDR' 16 13
2025-04-08 16:12:37,080 - PngImagePlugin.py:197 - call - STREAM b'IDAT' 41 1510
2025-04-08 16:12:37,081 - PngImagePlugin.py:197 - call - STREAM b'IHDR' 16 13
2025-04-08 16:12:37,081 - PngImagePlugin.py:197 - call - STREAM b'IDAT' 41 1647
2025-04-08 16:12:37,082 - PngImagePlugin.py:197 - call - STREAM b'IHDR' 16 13
2025-04-08 16:12:37,082 - PngImagePlugin.py:197 - call - STREAM b'IDAT' 41 1251
2025-04-08 16:12:37,083 - PngImagePlugin.py:197 - call - STREAM b'IHDR' 16 13
2025-04-08 16:12:37,083 - PngImagePlugin.py:197 - call - STREAM b'IDAT' 41 1963
2025-04-08 16:12:37,084 - PngImagePlugin.py:197 - call - STREAM b'IHDR' 16 13
2025-04-08 16:12:37,084 - PngImagePlugin.py:197 - call - STREAM b'IDAT' 41 1822
2025-04-08 16:12:37,085 - PngImagePlugin.py:197 - call - STREAM b'IHDR' 16 13
2025-04-08 16:12:37,086 - PngImagePlugin.py:197 - call - STREAM b'IDAT' 41 1750
2025-04-08 16:12:37,086 - PngImagePlugin.py:197 - call - STREAM b'IHDR' 16 13
2025-04-08 16:12:37,087 - PngImagePlugin.py:197 - call - STREAM b'IDAT' 41 831
2025-04-08 16:12:37,087 - PngImagePlugin.py:197 - call - STREAM b'IHDR' 16 13
2025-04-08 16:12:37,088 - PngImagePlugin.py:197 - call - STREAM b'IDAT' 41 4683
2025-04-08 16:12:37,088 - PngImagePlugin.py:197 - call - STREAM b'IHDR' 16 13
2025-04-08 16:12:37,089 - PngImagePlugin.py:197 - call - STREAM b'IDAT' 41 4205
2025-04-08 16:12:37,089 - PngImagePlugin.py:197 - call - STREAM b'IHDR' 16 13
2025-04-08 16:12:37,090 - PngImagePlugin.py:197 - call - STREAM b'IDAT' 41 1172
2025-04-08 16:12:37,090 - PngImagePlugin.py:197 - call - STREAM b'IHDR' 16 13
2025-04-08 16:12:37,091 - PngImagePlugin.py:197 - call - STREAM b'IDAT' 41 1697
2025-04-08 16:12:37,091 - PngImagePlugin.py:197 - call - STREAM b'IHDR' 16 13
2025-04-08 16:12:37,092 - PngImagePlugin.py:197 - call - STREAM b'IDAT' 41 1945
2025-04-08 16:12:37,093 - PngImagePlugin.py:197 - call - STREAM b'IHDR' 16 13
2025-04-08 16:12:37,093 - PngImagePlugin.py:197 - call - STREAM b'IDAT' 41 2233
2025-04-08 16:12:37,093 - PngImagePlugin.py:197 - call - STREAM b'IHDR' 16 13
2025-04-08 16:12:37,094 - PngImagePlugin.py:197 - call - STREAM b'IDAT' 41 831
2025-04-08 16:12:37,094 - PngImagePlugin.py:197 - call - STREAM b'IHDR' 16 13
2025-04-08 16:12:37,094 - PngImagePlugin.py:197 - call - STREAM b'IDAT' 41 1347
2025-04-08 16:12:37,095 - PngImagePlugin.py:197 - call - STREAM b'IHDR' 16 13
2025-04-08 16:12:37,095 - PngImagePlugin.py:197 - call - STREAM b'IDAT' 41 1362
2025-04-08 16:12:37,096 - PngImagePlugin.py:197 - call - STREAM b'IHDR' 16 13
2025-04-08 16:12:37,096 - PngImagePlugin.py:197 - call - STREAM b'IDAT' 41 1164
2025-04-08 16:12:37,097 - PngImagePlugin.py:197 - call - STREAM b'IHDR' 16 13
2025-04-08 16:12:37,097 - PngImagePlugin.py:197 - call - STREAM b'IDAT' 41 1260
2025-04-08 16:12:37,098 - PngImagePlugin.py:197 - call - STREAM b'IHDR' 16 13
2025-04-08 16:12:37,098 - PngImagePlugin.py:197 - call - STREAM b'IDAT' 41 1455
2025-04-08 16:12:37,099 - PngImagePlugin.py:197 - call - STREAM b'IHDR' 16 13
2025-04-08 16:12:37,099 - PngImagePlugin.py:197 - call - STREAM b'IDAT' 41 1014
2025-04-08 16:12:37,100 - PngImagePlugin.py:197 - call - STREAM b'IHDR' 16 13
2025-04-08 16:12:37,100 - PngImagePlugin.py:197 - call - STREAM b'IDAT' 41 1434
2025-04-08 16:12:37,101 - PngImagePlugin.py:197 - call - STREAM b'IHDR' 16 13
2025-04-08 16:12:37,101 - PngImagePlugin.py:197 - call - STREAM b'IDAT' 41 1457
2025-04-08 16:12:37,102 - PngImagePlugin.py:197 - call - STREAM b'IHDR' 16 13
2025-04-08 16:12:37,102 - PngImagePlugin.py:197 - call - STREAM b'IDAT' 41 1438
2025-04-08 16:12:37,103 - PngImagePlugin.py:197 - call - STREAM b'IHDR' 16 13
2025-04-08 16:12:37,103 - PngImagePlugin.py:197 - call - STREAM b'IDAT' 41 458
2025-04-08 16:12:37,104 - PngImagePlugin.py:197 - call - STREAM b'IHDR' 16 13
2025-04-08 16:12:37,104 - PngImagePlugin.py:197 - call - STREAM b'IDAT' 41 1073
2025-04-08 16:12:37,105 - PngImagePlugin.py:197 - call - STREAM b'IHDR' 16 13
2025-04-08 16:12:37,105 - PngImagePlugin.py:197 - call - STREAM b'IDAT' 41 1650
2025-04-08 16:12:37,105 - PngImagePlugin.py:197 - call - STREAM b'IHDR' 16 13
2025-04-08 16:12:37,106 - PngImagePlugin.py:197 - call - STREAM b'IDAT' 41 1682
2025-04-08 16:12:37,106 - PngImagePlugin.py:197 - call - STREAM b'IHDR' 16 13
2025-04-08 16:12:37,107 - PngImagePlugin.py:197 - call - STREAM b'IDAT' 41 1927
2025-04-08 16:12:37,107 - PngImagePlugin.py:197 - call - STREAM b'IHDR' 16 13
2025-04-08 16:12:37,108 - PngImagePlugin.py:197 - call - STREAM b'IDAT' 41 962
2025-04-08 16:12:37,109 - PngImagePlugin.py:197 - call - STREAM b'IHDR' 16 13
2025-04-08 16:12:37,109 - PngImagePlugin.py:197 - call - STREAM b'IDAT' 41 458
2025-04-08 16:12:37,110 - PngImagePlugin.py:197 - call - STREAM b'IHDR' 16 13
2025-04-08 16:12:37,110 - PngImagePlugin.py:197 - call - STREAM b'IDAT' 41 4127
2025-04-08 16:12:37,111 - PngImagePlugin.py:197 - call - STREAM b'IHDR' 16 13
2025-04-08 16:12:37,111 - PngImagePlugin.py:197 - call - STREAM b'IDAT' 41 5228
2025-04-08 16:12:37,112 - PngImagePlugin.py:197 - call - STREAM b'IHDR' 16 13
2025-04-08 16:12:37,112 - PngImagePlugin.py:197 - call - STREAM b'IDAT' 41 6516
2025-04-08 16:12:37,113 - PngImagePlugin.py:197 - call - STREAM b'IHDR' 16 13
2025-04-08 16:12:37,114 - PngImagePlugin.py:197 - call - STREAM b'IDAT' 41 6511
2025-04-08 16:12:37,115 - PngImagePlugin.py:197 - call - STREAM b'IHDR' 16 13
2025-04-08 16:12:37,115 - PngImagePlugin.py:197 - call - STREAM b'IDAT' 41 8126
2025-04-08 16:12:37,116 - PngImagePlugin.py:197 - call - STREAM b'IHDR' 16 13
2025-04-08 16:12:37,116 - PngImagePlugin.py:197 - call - STREAM b'IDAT' 41 2757
2025-04-08 16:12:37,117 - PngImagePlugin.py:197 - call - STREAM b'IHDR' 16 13
2025-04-08 16:12:37,117 - PngImagePlugin.py:197 - call - STREAM b'IDAT' 41 3690
2025-04-08 16:12:37,118 - PngImagePlugin.py:197 - call - STREAM b'IHDR' 16 13
2025-04-08 16:12:37,118 - PngImagePlugin.py:197 - call - STREAM b'IDAT' 41 5215
2025-04-08 16:12:37,119 - PngImagePlugin.py:197 - call - STREAM b'IHDR' 16 13
2025-04-08 16:12:37,119 - PngImagePlugin.py:197 - call - STREAM b'IDAT' 41 5410
2025-04-08 16:12:37,120 - PngImagePlugin.py:197 - call - STREAM b'IHDR' 16 13
2025-04-08 16:12:37,121 - PngImagePlugin.py:197 - call - STREAM b'IDAT' 41 400
2025-04-08 16:12:37,121 - PngImagePlugin.py:197 - call - STREAM b'IHDR' 16 13
2025-04-08 16:12:37,122 - PngImagePlugin.py:197 - call - STREAM b'IDAT' 41 423
2025-04-08 16:12:37,122 - PngImagePlugin.py:197 - call - STREAM b'IHDR' 16 13
2025-04-08 16:12:37,123 - PngImagePlugin.py:197 - call - STREAM b'IDAT' 41 5119
2025-04-08 16:12:37,124 - PngImagePlugin.py:197 - call - STREAM b'IHDR' 16 13
2025-04-08 16:12:37,124 - PngImagePlugin.py:197 - call - STREAM b'IDAT' 41 4626
2025-04-08 16:12:37,133 - log_utils.py:53 - wrapper - 函数返回: __main__.init_info | 返回值: None
2025-04-08 16:12:37,133 - log_utils.py:53 - wrapper - 函数返回: __main__.__init__ | 返回值: None
